09-26-2023 @ 08:33:31 - checking 0 orders
09-26-2023 @ 08:33:31 - API keys not available.
09-26-2023 @ 08:33:31 - Access token from cache is 
09-26-2023 @ 08:33:31 - API keys not available.
09-26-2023 @ 08:33:31 - no api keys available
09-26-2023 @ 08:33:34 - Access token from cache is 
09-26-2023 @ 08:33:34 - API keys not available.
09-26-2023 @ 08:33:34 - no api keys available
09-26-2023 @ 08:33:43 - Access token from cache is 
09-26-2023 @ 08:33:43 - API keys not available.
09-26-2023 @ 08:33:43 - no api keys available
09-26-2023 @ 08:33:43 - Access token from cache is 
09-26-2023 @ 08:33:43 - API keys not available.
09-26-2023 @ 08:33:43 - no api keys available
09-26-2023 @ 08:33:43 - Access token from cache is 
09-26-2023 @ 08:33:43 - API keys not available.
09-26-2023 @ 08:33:43 - no api keys available
09-26-2023 @ 08:33:43 - Access token from cache is 
09-26-2023 @ 08:33:43 - API keys not available.
09-26-2023 @ 08:33:43 - no api keys available
09-26-2023 @ 08:33:43 - Access token from cache is 
09-26-2023 @ 08:33:43 - API keys not available.
09-26-2023 @ 08:33:43 - no api keys available
09-26-2023 @ 08:33:43 - Access token from cache is 
09-26-2023 @ 08:33:43 - API keys not available.
09-26-2023 @ 08:33:43 - no api keys available
09-26-2023 @ 08:33:48 - Access token from cache is 
09-26-2023 @ 08:33:48 - API keys not available.
09-26-2023 @ 08:33:48 - no api keys available
09-26-2023 @ 08:33:56 - Access token from cache is 
09-26-2023 @ 08:33:56 - API keys not available.
09-26-2023 @ 08:33:56 - no api keys available
09-26-2023 @ 08:34:13 - Access token from cache is 
09-26-2023 @ 08:34:13 - API keys not available.
09-26-2023 @ 08:34:13 - no api keys available
09-26-2023 @ 08:34:26 - Access token from cache is 
09-26-2023 @ 08:34:26 - API keys not available.
09-26-2023 @ 08:34:26 - no api keys available
09-26-2023 @ 08:34:52 - Access token from cache is 
09-26-2023 @ 08:34:52 - API keys not available.
09-26-2023 @ 08:34:52 - no api keys available
09-26-2023 @ 08:34:52 - Access token from cache is 
09-26-2023 @ 08:34:52 - API keys not available.
09-26-2023 @ 08:34:52 - no api keys available
09-26-2023 @ 08:34:59 - Access token from cache is 
09-26-2023 @ 08:34:59 - API keys not available.
09-26-2023 @ 08:34:59 - no api keys available
09-26-2023 @ 08:35:01 - Access token from cache is 
09-26-2023 @ 08:35:01 - API keys not available.
09-26-2023 @ 08:35:01 - no api keys available
09-26-2023 @ 08:35:08 - Access token from cache is 
09-26-2023 @ 08:35:08 - API keys not available.
09-26-2023 @ 08:35:08 - no api keys available
09-26-2023 @ 08:35:08 - Access token from cache is 
09-26-2023 @ 08:35:08 - API keys not available.
09-26-2023 @ 08:35:08 - no api keys available
09-26-2023 @ 08:35:10 - Access token from cache is 
09-26-2023 @ 08:35:10 - API keys not available.
09-26-2023 @ 08:35:10 - no api keys available
09-26-2023 @ 08:35:16 - Access token from cache is 
09-26-2023 @ 08:35:16 - API keys not available.
09-26-2023 @ 08:35:16 - no api keys available
09-26-2023 @ 08:36:20 - checking 0 orders
09-26-2023 @ 08:36:20 - API keys not available.
09-26-2023 @ 08:37:32 - checking 0 orders
09-26-2023 @ 08:37:32 - API keys not available.
09-26-2023 @ 08:39:05 - Access token from cache is 
09-26-2023 @ 08:39:05 - API keys not available.
09-26-2023 @ 08:39:05 - no api keys available
09-26-2023 @ 08:39:05 - Access token from cache is 
09-26-2023 @ 08:39:05 - API keys not available.
09-26-2023 @ 08:39:05 - no api keys available
09-26-2023 @ 08:39:05 - Access token from cache is 
09-26-2023 @ 08:39:05 - API keys not available.
09-26-2023 @ 08:39:05 - no api keys available
09-26-2023 @ 08:39:22 - Access token from cache is 
09-26-2023 @ 08:39:22 - API keys not available.
09-26-2023 @ 08:39:22 - no api keys available
09-26-2023 @ 08:39:32 - Access token from cache is 
09-26-2023 @ 08:39:32 - API keys not available.
09-26-2023 @ 08:39:32 - no api keys available
09-26-2023 @ 08:41:06 - checking 0 orders
09-26-2023 @ 08:41:06 - API keys not available.
09-26-2023 @ 08:41:38 - checking 0 orders
09-26-2023 @ 08:41:38 - API keys not available.
09-26-2023 @ 08:43:54 - checking 0 orders
09-26-2023 @ 08:43:54 - API keys not available.
09-26-2023 @ 08:45:54 - checking 0 orders
09-26-2023 @ 08:45:54 - API keys not available.
09-26-2023 @ 08:47:57 - checking 0 orders
09-26-2023 @ 08:47:57 - API keys not available.
09-26-2023 @ 08:50:39 - checking 0 orders
09-26-2023 @ 08:50:39 - API keys not available.
09-26-2023 @ 08:52:40 - checking 0 orders
09-26-2023 @ 08:52:40 - API keys not available.
09-26-2023 @ 08:54:41 - checking 0 orders
09-26-2023 @ 08:54:41 - API keys not available.
09-26-2023 @ 08:57:18 - checking 0 orders
09-26-2023 @ 08:57:18 - API keys not available.
09-26-2023 @ 08:59:20 - checking 0 orders
09-26-2023 @ 08:59:20 - API keys not available.
09-26-2023 @ 09:00:49 - checking 0 orders
09-26-2023 @ 09:00:49 - API keys not available.
09-26-2023 @ 09:02:50 - checking 0 orders
09-26-2023 @ 09:02:50 - API keys not available.
09-26-2023 @ 09:04:42 - checking 0 orders
09-26-2023 @ 09:04:42 - API keys not available.
09-26-2023 @ 09:06:43 - checking 0 orders
09-26-2023 @ 09:06:43 - API keys not available.
09-26-2023 @ 09:08:45 - checking 0 orders
09-26-2023 @ 09:08:45 - API keys not available.
09-26-2023 @ 09:10:44 - checking 0 orders
09-26-2023 @ 09:10:44 - API keys not available.
09-26-2023 @ 09:12:46 - checking 0 orders
09-26-2023 @ 09:12:46 - API keys not available.
09-26-2023 @ 09:14:47 - checking 0 orders
09-26-2023 @ 09:14:47 - API keys not available.
09-26-2023 @ 09:16:48 - checking 0 orders
09-26-2023 @ 09:16:48 - API keys not available.
09-26-2023 @ 09:18:04 - checking 0 orders
09-26-2023 @ 09:18:04 - API keys not available.
09-26-2023 @ 09:20:20 - checking 0 orders
09-26-2023 @ 09:20:20 - API keys not available.
09-26-2023 @ 09:22:54 - checking 0 orders
09-26-2023 @ 09:22:54 - API keys not available.
09-26-2023 @ 09:24:53 - checking 0 orders
09-26-2023 @ 09:24:53 - API keys not available.
09-26-2023 @ 09:26:54 - checking 0 orders
09-26-2023 @ 09:26:54 - API keys not available.
09-26-2023 @ 09:28:56 - checking 0 orders
09-26-2023 @ 09:28:56 - API keys not available.
09-26-2023 @ 09:30:57 - checking 0 orders
09-26-2023 @ 09:30:57 - API keys not available.
09-26-2023 @ 09:32:59 - checking 0 orders
09-26-2023 @ 09:32:59 - API keys not available.
09-26-2023 @ 09:34:58 - checking 0 orders
09-26-2023 @ 09:34:58 - API keys not available.
09-26-2023 @ 09:37:00 - checking 0 orders
09-26-2023 @ 09:37:00 - API keys not available.
09-26-2023 @ 09:39:01 - checking 0 orders
09-26-2023 @ 09:39:01 - API keys not available.
09-26-2023 @ 09:41:01 - checking 0 orders
09-26-2023 @ 09:41:01 - API keys not available.
09-26-2023 @ 09:43:03 - checking 0 orders
09-26-2023 @ 09:43:03 - API keys not available.
09-26-2023 @ 09:45:04 - checking 0 orders
09-26-2023 @ 09:45:04 - API keys not available.
09-26-2023 @ 09:47:05 - checking 0 orders
09-26-2023 @ 09:47:05 - API keys not available.
09-26-2023 @ 09:49:05 - checking 0 orders
09-26-2023 @ 09:49:05 - API keys not available.
09-26-2023 @ 09:51:08 - checking 0 orders
09-26-2023 @ 09:51:08 - API keys not available.
09-26-2023 @ 09:53:08 - checking 0 orders
09-26-2023 @ 09:53:08 - API keys not available.
09-26-2023 @ 09:55:08 - checking 0 orders
09-26-2023 @ 09:55:08 - API keys not available.
09-26-2023 @ 09:57:10 - checking 0 orders
09-26-2023 @ 09:57:10 - API keys not available.
09-26-2023 @ 09:59:11 - checking 0 orders
09-26-2023 @ 09:59:11 - API keys not available.
09-26-2023 @ 10:01:12 - checking 0 orders
09-26-2023 @ 10:01:12 - API keys not available.
09-26-2023 @ 10:03:13 - checking 0 orders
09-26-2023 @ 10:03:13 - API keys not available.
09-26-2023 @ 10:05:14 - checking 0 orders
09-26-2023 @ 10:05:14 - API keys not available.
09-26-2023 @ 10:05:15 - Access token from cache is 
09-26-2023 @ 10:05:15 - API keys not available.
09-26-2023 @ 10:05:15 - no api keys available
09-26-2023 @ 10:07:15 - checking 0 orders
09-26-2023 @ 10:07:15 - API keys not available.
09-26-2023 @ 10:09:16 - checking 0 orders
09-26-2023 @ 10:09:16 - API keys not available.
09-26-2023 @ 10:11:17 - checking 0 orders
09-26-2023 @ 10:11:17 - API keys not available.
09-26-2023 @ 10:13:17 - checking 0 orders
09-26-2023 @ 10:13:17 - API keys not available.
09-26-2023 @ 10:15:19 - checking 0 orders
09-26-2023 @ 10:15:19 - API keys not available.
09-26-2023 @ 10:17:20 - checking 0 orders
09-26-2023 @ 10:17:20 - API keys not available.
09-26-2023 @ 10:19:23 - checking 0 orders
09-26-2023 @ 10:19:23 - API keys not available.
09-26-2023 @ 10:19:52 - checking 0 orders
09-26-2023 @ 10:19:52 - API keys not available.
09-26-2023 @ 10:21:54 - checking 0 orders
09-26-2023 @ 10:21:54 - API keys not available.
09-26-2023 @ 10:23:54 - checking 0 orders
09-26-2023 @ 10:23:54 - API keys not available.
09-26-2023 @ 10:25:55 - checking 0 orders
09-26-2023 @ 10:25:55 - API keys not available.
09-26-2023 @ 10:27:58 - checking 0 orders
09-26-2023 @ 10:27:58 - API keys not available.
09-26-2023 @ 10:29:58 - checking 0 orders
09-26-2023 @ 10:29:58 - API keys not available.
09-26-2023 @ 10:31:58 - checking 0 orders
09-26-2023 @ 10:31:58 - API keys not available.
09-26-2023 @ 10:34:00 - checking 0 orders
09-26-2023 @ 10:34:00 - API keys not available.
09-26-2023 @ 10:36:00 - checking 0 orders
09-26-2023 @ 10:36:00 - API keys not available.
09-26-2023 @ 10:38:01 - checking 0 orders
09-26-2023 @ 10:38:01 - API keys not available.
09-26-2023 @ 10:40:03 - checking 0 orders
09-26-2023 @ 10:40:03 - API keys not available.
09-26-2023 @ 10:42:04 - checking 0 orders
09-26-2023 @ 10:42:04 - API keys not available.
09-26-2023 @ 10:44:04 - checking 0 orders
09-26-2023 @ 10:44:04 - API keys not available.
09-26-2023 @ 10:46:05 - checking 0 orders
09-26-2023 @ 10:46:05 - API keys not available.
09-26-2023 @ 10:48:06 - checking 0 orders
09-26-2023 @ 10:48:06 - API keys not available.
09-26-2023 @ 10:50:07 - checking 0 orders
09-26-2023 @ 10:50:07 - API keys not available.
09-26-2023 @ 10:55:14 - Access token from cache is 
09-26-2023 @ 10:55:14 - API keys not available.
09-26-2023 @ 10:55:14 - no api keys available
09-26-2023 @ 11:02:13 - Access token from cache is 
09-26-2023 @ 11:02:13 - API keys not available.
09-26-2023 @ 11:02:13 - no api keys available
09-26-2023 @ 11:02:23 - Access token from cache is 
09-26-2023 @ 11:02:23 - API keys not available.
09-26-2023 @ 11:02:23 - no api keys available
09-26-2023 @ 11:04:18 - Access token from cache is 
09-26-2023 @ 11:04:18 - API keys not available.
09-26-2023 @ 11:04:18 - no api keys available
09-26-2023 @ 11:04:48 - Access token from cache is 
09-26-2023 @ 11:04:48 - API keys not available.
09-26-2023 @ 11:04:48 - no api keys available
09-26-2023 @ 11:05:22 - checking 0 orders
09-26-2023 @ 11:05:22 - API keys not available.
09-26-2023 @ 11:05:22 - Access token from cache is 
09-26-2023 @ 11:05:22 - API keys not available.
09-26-2023 @ 11:05:22 - no api keys available
09-26-2023 @ 11:05:33 - checking 0 orders
09-26-2023 @ 11:05:33 - API keys not available.
09-26-2023 @ 11:05:49 - Access token from cache is 
09-26-2023 @ 11:05:49 - API keys not available.
09-26-2023 @ 11:05:49 - no api keys available
09-26-2023 @ 11:05:49 - Access token from cache is 
09-26-2023 @ 11:05:49 - API keys not available.
09-26-2023 @ 11:05:49 - no api keys available
09-26-2023 @ 11:06:01 - Access token from cache is 
09-26-2023 @ 11:06:01 - API keys not available.
09-26-2023 @ 11:06:01 - no api keys available
09-26-2023 @ 11:06:01 - Access token from cache is 
09-26-2023 @ 11:06:01 - API keys not available.
09-26-2023 @ 11:06:01 - no api keys available
09-26-2023 @ 11:06:03 - Access token from cache is 
09-26-2023 @ 11:06:03 - API keys not available.
09-26-2023 @ 11:06:03 - no api keys available
09-26-2023 @ 11:06:05 - Access token from cache is 
09-26-2023 @ 11:06:05 - API keys not available.
09-26-2023 @ 11:06:05 - no api keys available
09-26-2023 @ 11:06:08 - Access token from cache is 
09-26-2023 @ 11:06:08 - API keys not available.
09-26-2023 @ 11:06:08 - no api keys available
09-26-2023 @ 11:06:08 - Access token from cache is 
09-26-2023 @ 11:06:08 - API keys not available.
09-26-2023 @ 11:06:08 - no api keys available
09-26-2023 @ 11:06:08 - Access token from cache is 
09-26-2023 @ 11:06:08 - API keys not available.
09-26-2023 @ 11:06:08 - no api keys available
09-26-2023 @ 11:06:08 - Access token from cache is 
09-26-2023 @ 11:06:08 - API keys not available.
09-26-2023 @ 11:06:08 - no api keys available
09-26-2023 @ 11:06:11 - Access token from cache is 
09-26-2023 @ 11:06:11 - API keys not available.
09-26-2023 @ 11:06:11 - no api keys available
09-26-2023 @ 11:07:26 - checking 0 orders
09-26-2023 @ 11:07:26 - API keys not available.
09-26-2023 @ 11:07:54 - Access token from cache is 
09-26-2023 @ 11:07:54 - API keys not available.
09-26-2023 @ 11:07:54 - no api keys available
09-26-2023 @ 11:09:28 - checking 0 orders
09-26-2023 @ 11:09:28 - API keys not available.
09-26-2023 @ 11:09:48 - Access token from cache is 
09-26-2023 @ 11:09:48 - API keys not available.
09-26-2023 @ 11:09:48 - no api keys available
09-26-2023 @ 11:09:55 - Access token from cache is 
09-26-2023 @ 11:09:55 - API keys not available.
09-26-2023 @ 11:09:55 - no api keys available
09-26-2023 @ 11:10:39 - Access token from cache is 
09-26-2023 @ 11:10:39 - API keys not available.
09-26-2023 @ 11:10:39 - no api keys available
09-26-2023 @ 11:11:04 - Access token from cache is 
09-26-2023 @ 11:11:04 - API keys not available.
09-26-2023 @ 11:11:04 - no api keys available
09-26-2023 @ 11:11:28 - checking 0 orders
09-26-2023 @ 11:11:28 - API keys not available.
09-26-2023 @ 11:13:44 - checking 0 orders
09-26-2023 @ 11:13:44 - API keys not available.
09-26-2023 @ 11:14:56 - Access token from cache is 
09-26-2023 @ 11:14:56 - API keys not available.
09-26-2023 @ 11:14:56 - no api keys available
09-26-2023 @ 11:14:56 - Access token from cache is 
09-26-2023 @ 11:14:56 - API keys not available.
09-26-2023 @ 11:14:56 - no api keys available
09-26-2023 @ 11:14:58 - Access token from cache is 
09-26-2023 @ 11:14:58 - API keys not available.
09-26-2023 @ 11:14:58 - no api keys available
09-26-2023 @ 11:15:01 - Access token from cache is 
09-26-2023 @ 11:15:01 - API keys not available.
09-26-2023 @ 11:15:01 - no api keys available
09-26-2023 @ 11:15:06 - Access token from cache is 
09-26-2023 @ 11:15:06 - API keys not available.
09-26-2023 @ 11:15:06 - no api keys available
09-26-2023 @ 11:15:58 - checking 0 orders
09-26-2023 @ 11:15:58 - API keys not available.
09-26-2023 @ 11:15:58 - Access token from cache is 
09-26-2023 @ 11:15:58 - API keys not available.
09-26-2023 @ 11:15:58 - no api keys available
09-26-2023 @ 11:15:58 - Access token from cache is 
09-26-2023 @ 11:15:58 - API keys not available.
09-26-2023 @ 11:15:58 - no api keys available
09-26-2023 @ 11:16:07 - Access token from cache is 
09-26-2023 @ 11:16:07 - API keys not available.
09-26-2023 @ 11:16:07 - no api keys available
09-26-2023 @ 11:16:07 - Access token from cache is 
09-26-2023 @ 11:16:07 - API keys not available.
09-26-2023 @ 11:16:07 - no api keys available
09-26-2023 @ 11:16:12 - Access token from cache is 
09-26-2023 @ 11:16:12 - API keys not available.
09-26-2023 @ 11:16:12 - API keys not available.
09-26-2023 @ 11:16:12 - no api keys available
09-26-2023 @ 11:16:12 - no api keys available
09-26-2023 @ 11:16:12 - Access token from cache is 
09-26-2023 @ 11:16:12 - API keys not available.
09-26-2023 @ 11:16:12 - no api keys available
09-26-2023 @ 11:16:12 - Access token from cache is 
09-26-2023 @ 11:16:12 - API keys not available.
09-26-2023 @ 11:16:12 - no api keys available
09-26-2023 @ 11:16:12 - Access token from cache is 
09-26-2023 @ 11:16:12 - API keys not available.
09-26-2023 @ 11:16:12 - no api keys available
09-26-2023 @ 11:16:13 - Access token from cache is 
09-26-2023 @ 11:16:13 - API keys not available.
09-26-2023 @ 11:16:13 - no api keys available
09-26-2023 @ 11:16:14 - Access token from cache is 
09-26-2023 @ 11:16:14 - API keys not available.
09-26-2023 @ 11:16:14 - no api keys available
09-26-2023 @ 11:16:14 - Access token from cache is 
09-26-2023 @ 11:16:14 - API keys not available.
09-26-2023 @ 11:16:14 - no api keys available
09-26-2023 @ 11:16:14 - Access token from cache is 
09-26-2023 @ 11:16:14 - API keys not available.
09-26-2023 @ 11:16:14 - no api keys available
09-26-2023 @ 11:16:19 - Access token from cache is 
09-26-2023 @ 11:16:19 - API keys not available.
09-26-2023 @ 11:16:19 - no api keys available
09-26-2023 @ 11:16:19 - Access token from cache is 
09-26-2023 @ 11:16:19 - API keys not available.
09-26-2023 @ 11:16:19 - no api keys available
09-26-2023 @ 11:16:20 - Access token from cache is 
09-26-2023 @ 11:16:20 - API keys not available.
09-26-2023 @ 11:16:20 - no api keys available
09-26-2023 @ 11:16:20 - Access token from cache is 
09-26-2023 @ 11:16:20 - API keys not available.
09-26-2023 @ 11:16:20 - no api keys available
09-26-2023 @ 11:16:21 - Access token from cache is 
09-26-2023 @ 11:16:21 - API keys not available.
09-26-2023 @ 11:16:21 - no api keys available
09-26-2023 @ 11:17:37 - checking 0 orders
09-26-2023 @ 11:17:37 - API keys not available.
09-26-2023 @ 11:19:39 - checking 0 orders
09-26-2023 @ 11:19:39 - API keys not available.
09-26-2023 @ 11:19:48 - Access token from cache is 
09-26-2023 @ 11:19:48 - API keys not available.
09-26-2023 @ 11:19:48 - no api keys available
09-26-2023 @ 11:20:06 - Access token from cache is 
09-26-2023 @ 11:20:06 - API keys not available.
09-26-2023 @ 11:20:06 - no api keys available
09-26-2023 @ 11:20:06 - Access token from cache is 
09-26-2023 @ 11:20:06 - API keys not available.
09-26-2023 @ 11:20:06 - no api keys available
09-26-2023 @ 11:20:45 - Access token from cache is 
09-26-2023 @ 11:20:45 - API keys not available.
09-26-2023 @ 11:20:45 - no api keys available
09-26-2023 @ 11:20:45 - Access token from cache is 
09-26-2023 @ 11:20:45 - API keys not available.
09-26-2023 @ 11:20:45 - no api keys available
09-26-2023 @ 11:20:45 - Access token from cache is 
09-26-2023 @ 11:20:45 - API keys not available.
09-26-2023 @ 11:20:45 - no api keys available
09-26-2023 @ 11:20:48 - Access token from cache is 
09-26-2023 @ 11:20:48 - API keys not available.
09-26-2023 @ 11:20:48 - no api keys available
09-26-2023 @ 11:20:48 - Access token from cache is 
09-26-2023 @ 11:20:48 - API keys not available.
09-26-2023 @ 11:20:48 - no api keys available
09-26-2023 @ 11:20:48 - Access token from cache is 
09-26-2023 @ 11:20:48 - API keys not available.
09-26-2023 @ 11:20:48 - no api keys available
09-26-2023 @ 11:21:33 - checking 0 orders
09-26-2023 @ 11:21:33 - API keys not available.
09-26-2023 @ 11:22:13 - Access token from cache is 
09-26-2023 @ 11:22:13 - API keys not available.
09-26-2023 @ 11:22:13 - no api keys available
09-26-2023 @ 11:22:13 - Access token from cache is 
09-26-2023 @ 11:22:13 - API keys not available.
09-26-2023 @ 11:22:13 - no api keys available
09-26-2023 @ 11:22:14 - Access token from cache is 
09-26-2023 @ 11:22:14 - API keys not available.
09-26-2023 @ 11:22:14 - no api keys available
09-26-2023 @ 11:22:14 - Access token from cache is 
09-26-2023 @ 11:22:14 - API keys not available.
09-26-2023 @ 11:22:14 - no api keys available
09-26-2023 @ 11:22:14 - Access token from cache is 
09-26-2023 @ 11:22:14 - API keys not available.
09-26-2023 @ 11:22:14 - no api keys available
09-26-2023 @ 11:22:17 - Access token from cache is 
09-26-2023 @ 11:22:17 - API keys not available.
09-26-2023 @ 11:22:17 - no api keys available
09-26-2023 @ 11:22:17 - Access token from cache is 
09-26-2023 @ 11:22:17 - API keys not available.
09-26-2023 @ 11:22:17 - no api keys available
09-26-2023 @ 11:22:17 - Access token from cache is 
09-26-2023 @ 11:22:17 - API keys not available.
09-26-2023 @ 11:22:17 - no api keys available
09-26-2023 @ 11:22:40 - Access token from cache is 
09-26-2023 @ 11:22:40 - API keys not available.
09-26-2023 @ 11:22:40 - no api keys available
09-26-2023 @ 11:22:41 - Access token from cache is 
09-26-2023 @ 11:22:41 - API keys not available.
09-26-2023 @ 11:22:41 - no api keys available
09-26-2023 @ 11:22:41 - Access token from cache is 
09-26-2023 @ 11:22:41 - API keys not available.
09-26-2023 @ 11:22:41 - no api keys available
09-26-2023 @ 11:22:45 - Access token from cache is 
09-26-2023 @ 11:22:45 - API keys not available.
09-26-2023 @ 11:22:45 - no api keys available
09-26-2023 @ 11:22:45 - Access token from cache is 
09-26-2023 @ 11:22:45 - API keys not available.
09-26-2023 @ 11:22:45 - no api keys available
09-26-2023 @ 11:22:45 - Access token from cache is 
09-26-2023 @ 11:22:45 - API keys not available.
09-26-2023 @ 11:22:45 - no api keys available
09-26-2023 @ 11:23:11 - Access token from cache is 
09-26-2023 @ 11:23:11 - API keys not available.
09-26-2023 @ 11:23:11 - no api keys available
09-26-2023 @ 11:23:11 - Access token from cache is 
09-26-2023 @ 11:23:11 - API keys not available.
09-26-2023 @ 11:23:11 - no api keys available
09-26-2023 @ 11:23:12 - Access token from cache is 
09-26-2023 @ 11:23:12 - API keys not available.
09-26-2023 @ 11:23:12 - no api keys available
09-26-2023 @ 11:23:12 - Access token from cache is 
09-26-2023 @ 11:23:12 - API keys not available.
09-26-2023 @ 11:23:12 - no api keys available
09-26-2023 @ 11:23:12 - Access token from cache is 
09-26-2023 @ 11:23:12 - API keys not available.
09-26-2023 @ 11:23:12 - no api keys available
09-26-2023 @ 11:23:15 - Access token from cache is 
09-26-2023 @ 11:23:15 - API keys not available.
09-26-2023 @ 11:23:15 - no api keys available
09-26-2023 @ 11:23:15 - Access token from cache is 
09-26-2023 @ 11:23:15 - API keys not available.
09-26-2023 @ 11:23:15 - no api keys available
09-26-2023 @ 11:23:15 - Access token from cache is 
09-26-2023 @ 11:23:15 - API keys not available.
09-26-2023 @ 11:23:15 - no api keys available
09-26-2023 @ 11:23:31 - checking 0 orders
09-26-2023 @ 11:23:31 - API keys not available.
09-26-2023 @ 11:23:33 - Access token from cache is 
09-26-2023 @ 11:23:33 - API keys not available.
09-26-2023 @ 11:23:33 - no api keys available
09-26-2023 @ 11:24:09 - Access token from cache is 
09-26-2023 @ 11:24:09 - API keys not available.
09-26-2023 @ 11:24:09 - no api keys available
09-26-2023 @ 11:24:09 - Access token from cache is 
09-26-2023 @ 11:24:09 - API keys not available.
09-26-2023 @ 11:24:09 - no api keys available
09-26-2023 @ 11:24:09 - Access token from cache is 
09-26-2023 @ 11:24:09 - API keys not available.
09-26-2023 @ 11:24:09 - no api keys available
09-26-2023 @ 11:24:12 - Access token from cache is 
09-26-2023 @ 11:24:12 - API keys not available.
09-26-2023 @ 11:24:12 - no api keys available
09-26-2023 @ 11:24:12 - Access token from cache is 
09-26-2023 @ 11:24:12 - API keys not available.
09-26-2023 @ 11:24:12 - no api keys available
09-26-2023 @ 11:24:12 - Access token from cache is 
09-26-2023 @ 11:24:12 - API keys not available.
09-26-2023 @ 11:24:12 - no api keys available
09-26-2023 @ 11:24:29 - Access token from cache is 
09-26-2023 @ 11:24:29 - API keys not available.
09-26-2023 @ 11:24:29 - no api keys available
09-26-2023 @ 11:24:29 - Access token from cache is 
09-26-2023 @ 11:24:29 - API keys not available.
09-26-2023 @ 11:24:29 - no api keys available
09-26-2023 @ 11:24:30 - Access token from cache is 
09-26-2023 @ 11:24:30 - API keys not available.
09-26-2023 @ 11:24:30 - no api keys available
09-26-2023 @ 11:24:33 - Access token from cache is 
09-26-2023 @ 11:24:33 - API keys not available.
09-26-2023 @ 11:24:33 - no api keys available
09-26-2023 @ 11:24:33 - Access token from cache is 
09-26-2023 @ 11:24:33 - API keys not available.
09-26-2023 @ 11:24:33 - no api keys available
09-26-2023 @ 11:24:33 - Access token from cache is 
09-26-2023 @ 11:24:33 - API keys not available.
09-26-2023 @ 11:24:33 - no api keys available
09-26-2023 @ 11:24:48 - Access token from cache is 
09-26-2023 @ 11:24:48 - API keys not available.
09-26-2023 @ 11:24:48 - no api keys available
09-26-2023 @ 11:24:48 - Access token from cache is 
09-26-2023 @ 11:24:48 - API keys not available.
09-26-2023 @ 11:24:48 - no api keys available
09-26-2023 @ 11:24:49 - Access token from cache is 
09-26-2023 @ 11:24:49 - API keys not available.
09-26-2023 @ 11:24:49 - no api keys available
09-26-2023 @ 11:24:49 - Access token from cache is 
09-26-2023 @ 11:24:49 - API keys not available.
09-26-2023 @ 11:24:49 - no api keys available
09-26-2023 @ 11:24:50 - Access token from cache is 
09-26-2023 @ 11:24:50 - API keys not available.
09-26-2023 @ 11:24:50 - no api keys available
09-26-2023 @ 11:24:53 - Access token from cache is 
09-26-2023 @ 11:24:53 - API keys not available.
09-26-2023 @ 11:24:53 - no api keys available
09-26-2023 @ 11:24:53 - Access token from cache is 
09-26-2023 @ 11:24:53 - API keys not available.
09-26-2023 @ 11:24:53 - no api keys available
09-26-2023 @ 11:24:53 - Access token from cache is 
09-26-2023 @ 11:24:53 - API keys not available.
09-26-2023 @ 11:24:53 - no api keys available
09-26-2023 @ 11:24:59 - Access token from cache is 
09-26-2023 @ 11:24:59 - API keys not available.
09-26-2023 @ 11:24:59 - no api keys available
09-26-2023 @ 11:25:13 - Access token from cache is 
09-26-2023 @ 11:25:13 - API keys not available.
09-26-2023 @ 11:25:13 - no api keys available
09-26-2023 @ 11:25:13 - Access token from cache is 
09-26-2023 @ 11:25:13 - API keys not available.
09-26-2023 @ 11:25:13 - no api keys available
09-26-2023 @ 11:25:14 - Access token from cache is 
09-26-2023 @ 11:25:14 - API keys not available.
09-26-2023 @ 11:25:14 - no api keys available
09-26-2023 @ 11:25:16 - Access token from cache is 
09-26-2023 @ 11:25:16 - API keys not available.
09-26-2023 @ 11:25:16 - no api keys available
09-26-2023 @ 11:25:16 - Access token from cache is 
09-26-2023 @ 11:25:16 - API keys not available.
09-26-2023 @ 11:25:16 - no api keys available
09-26-2023 @ 11:25:16 - Access token from cache is 
09-26-2023 @ 11:25:16 - API keys not available.
09-26-2023 @ 11:25:16 - no api keys available
09-26-2023 @ 11:25:23 - Access token from cache is 
09-26-2023 @ 11:25:23 - API keys not available.
09-26-2023 @ 11:25:23 - no api keys available
09-26-2023 @ 11:25:23 - Access token from cache is 
09-26-2023 @ 11:25:23 - API keys not available.
09-26-2023 @ 11:25:23 - no api keys available
09-26-2023 @ 11:25:24 - Access token from cache is 
09-26-2023 @ 11:25:24 - API keys not available.
09-26-2023 @ 11:25:24 - no api keys available
09-26-2023 @ 11:25:26 - Access token from cache is 
09-26-2023 @ 11:25:26 - API keys not available.
09-26-2023 @ 11:25:26 - no api keys available
09-26-2023 @ 11:25:26 - Access token from cache is 
09-26-2023 @ 11:25:26 - API keys not available.
09-26-2023 @ 11:25:26 - no api keys available
09-26-2023 @ 11:25:26 - Access token from cache is 
09-26-2023 @ 11:25:26 - API keys not available.
09-26-2023 @ 11:25:26 - no api keys available
09-26-2023 @ 11:25:31 - checking 0 orders
09-26-2023 @ 11:25:31 - API keys not available.
09-26-2023 @ 11:25:39 - Access token from cache is 
09-26-2023 @ 11:25:39 - API keys not available.
09-26-2023 @ 11:25:39 - no api keys available
09-26-2023 @ 11:25:39 - Access token from cache is 
09-26-2023 @ 11:25:39 - API keys not available.
09-26-2023 @ 11:25:39 - no api keys available
09-26-2023 @ 11:25:39 - Access token from cache is 
09-26-2023 @ 11:25:39 - API keys not available.
09-26-2023 @ 11:25:39 - no api keys available
09-26-2023 @ 11:25:39 - Access token from cache is 
09-26-2023 @ 11:25:39 - API keys not available.
09-26-2023 @ 11:25:39 - no api keys available
09-26-2023 @ 11:25:40 - Access token from cache is 
09-26-2023 @ 11:25:40 - API keys not available.
09-26-2023 @ 11:25:40 - no api keys available
09-26-2023 @ 11:25:43 - Access token from cache is 
09-26-2023 @ 11:25:43 - API keys not available.
09-26-2023 @ 11:25:43 - no api keys available
09-26-2023 @ 11:25:43 - Access token from cache is 
09-26-2023 @ 11:25:43 - API keys not available.
09-26-2023 @ 11:25:43 - no api keys available
09-26-2023 @ 11:25:43 - Access token from cache is 
09-26-2023 @ 11:25:43 - API keys not available.
09-26-2023 @ 11:25:43 - no api keys available
09-26-2023 @ 11:25:47 - Access token from cache is 
09-26-2023 @ 11:25:47 - API keys not available.
09-26-2023 @ 11:25:47 - no api keys available
09-26-2023 @ 11:25:47 - Access token from cache is 
09-26-2023 @ 11:25:47 - API keys not available.
09-26-2023 @ 11:25:47 - no api keys available
09-26-2023 @ 11:25:48 - Access token from cache is 
09-26-2023 @ 11:25:48 - API keys not available.
09-26-2023 @ 11:25:48 - no api keys available
09-26-2023 @ 11:25:51 - Access token from cache is 
09-26-2023 @ 11:25:51 - API keys not available.
09-26-2023 @ 11:25:51 - no api keys available
09-26-2023 @ 11:25:51 - Access token from cache is 
09-26-2023 @ 11:25:51 - API keys not available.
09-26-2023 @ 11:25:51 - no api keys available
09-26-2023 @ 11:25:51 - Access token from cache is 
09-26-2023 @ 11:25:51 - API keys not available.
09-26-2023 @ 11:25:51 - no api keys available
09-26-2023 @ 11:26:00 - Access token from cache is 
09-26-2023 @ 11:26:00 - API keys not available.
09-26-2023 @ 11:26:00 - no api keys available
09-26-2023 @ 11:26:01 - Access token from cache is 
09-26-2023 @ 11:26:01 - API keys not available.
09-26-2023 @ 11:26:01 - no api keys available
09-26-2023 @ 11:26:01 - Access token from cache is 
09-26-2023 @ 11:26:01 - API keys not available.
09-26-2023 @ 11:26:01 - no api keys available
09-26-2023 @ 11:26:03 - Access token from cache is 
09-26-2023 @ 11:26:03 - API keys not available.
09-26-2023 @ 11:26:03 - no api keys available
09-26-2023 @ 11:26:03 - Access token from cache is 
09-26-2023 @ 11:26:03 - API keys not available.
09-26-2023 @ 11:26:03 - no api keys available
09-26-2023 @ 11:26:03 - Access token from cache is 
09-26-2023 @ 11:26:03 - API keys not available.
09-26-2023 @ 11:26:03 - no api keys available
09-26-2023 @ 11:26:13 - Access token from cache is 
09-26-2023 @ 11:26:13 - API keys not available.
09-26-2023 @ 11:26:13 - no api keys available
09-26-2023 @ 11:26:13 - Access token from cache is 
09-26-2023 @ 11:26:13 - API keys not available.
09-26-2023 @ 11:26:13 - no api keys available
09-26-2023 @ 11:26:14 - Access token from cache is 
09-26-2023 @ 11:26:14 - API keys not available.
09-26-2023 @ 11:26:14 - no api keys available
09-26-2023 @ 11:26:14 - Access token from cache is 
09-26-2023 @ 11:26:14 - API keys not available.
09-26-2023 @ 11:26:14 - no api keys available
09-26-2023 @ 11:26:14 - Access token from cache is 
09-26-2023 @ 11:26:14 - API keys not available.
09-26-2023 @ 11:26:14 - no api keys available
09-26-2023 @ 11:26:17 - Access token from cache is 
09-26-2023 @ 11:26:17 - API keys not available.
09-26-2023 @ 11:26:17 - no api keys available
09-26-2023 @ 11:26:17 - Access token from cache is 
09-26-2023 @ 11:26:17 - API keys not available.
09-26-2023 @ 11:26:17 - no api keys available
09-26-2023 @ 11:26:17 - Access token from cache is 
09-26-2023 @ 11:26:17 - API keys not available.
09-26-2023 @ 11:26:17 - no api keys available
09-26-2023 @ 11:26:23 - Access token from cache is 
09-26-2023 @ 11:26:23 - API keys not available.
09-26-2023 @ 11:26:23 - no api keys available
09-26-2023 @ 11:26:23 - Access token from cache is 
09-26-2023 @ 11:26:23 - API keys not available.
09-26-2023 @ 11:26:23 - no api keys available
09-26-2023 @ 11:26:24 - Access token from cache is 
09-26-2023 @ 11:26:24 - API keys not available.
09-26-2023 @ 11:26:24 - no api keys available
09-26-2023 @ 11:26:26 - Access token from cache is 
09-26-2023 @ 11:26:26 - API keys not available.
09-26-2023 @ 11:26:26 - no api keys available
09-26-2023 @ 11:26:26 - Access token from cache is 
09-26-2023 @ 11:26:26 - API keys not available.
09-26-2023 @ 11:26:26 - no api keys available
09-26-2023 @ 11:26:26 - Access token from cache is 
09-26-2023 @ 11:26:26 - API keys not available.
09-26-2023 @ 11:26:26 - no api keys available
09-26-2023 @ 11:26:36 - Access token from cache is 
09-26-2023 @ 11:26:36 - API keys not available.
09-26-2023 @ 11:26:36 - no api keys available
09-26-2023 @ 11:26:36 - Access token from cache is 
09-26-2023 @ 11:26:36 - API keys not available.
09-26-2023 @ 11:26:36 - no api keys available
09-26-2023 @ 11:26:36 - Access token from cache is 
09-26-2023 @ 11:26:36 - API keys not available.
09-26-2023 @ 11:26:36 - no api keys available
09-26-2023 @ 11:26:38 - Access token from cache is 
09-26-2023 @ 11:26:38 - API keys not available.
09-26-2023 @ 11:26:38 - no api keys available
09-26-2023 @ 11:26:38 - Access token from cache is 
09-26-2023 @ 11:26:38 - API keys not available.
09-26-2023 @ 11:26:38 - no api keys available
09-26-2023 @ 11:26:38 - Access token from cache is 
09-26-2023 @ 11:26:38 - API keys not available.
09-26-2023 @ 11:26:38 - no api keys available
09-26-2023 @ 11:26:50 - Access token from cache is 
09-26-2023 @ 11:26:50 - API keys not available.
09-26-2023 @ 11:26:50 - no api keys available
09-26-2023 @ 11:26:50 - Access token from cache is 
09-26-2023 @ 11:26:50 - API keys not available.
09-26-2023 @ 11:26:50 - no api keys available
09-26-2023 @ 11:26:50 - Access token from cache is 
09-26-2023 @ 11:26:50 - API keys not available.
09-26-2023 @ 11:26:50 - no api keys available
09-26-2023 @ 11:26:50 - Access token from cache is 
09-26-2023 @ 11:26:50 - API keys not available.
09-26-2023 @ 11:26:50 - no api keys available
09-26-2023 @ 11:26:51 - Access token from cache is 
09-26-2023 @ 11:26:51 - API keys not available.
09-26-2023 @ 11:26:51 - no api keys available
09-26-2023 @ 11:26:53 - Access token from cache is 
09-26-2023 @ 11:26:53 - API keys not available.
09-26-2023 @ 11:26:54 - no api keys available
09-26-2023 @ 11:26:54 - Access token from cache is 
09-26-2023 @ 11:26:54 - API keys not available.
09-26-2023 @ 11:26:54 - no api keys available
09-26-2023 @ 11:26:54 - Access token from cache is 
09-26-2023 @ 11:26:54 - API keys not available.
09-26-2023 @ 11:26:54 - no api keys available
09-26-2023 @ 11:26:59 - Access token from cache is 
09-26-2023 @ 11:26:59 - API keys not available.
09-26-2023 @ 11:26:59 - no api keys available
09-26-2023 @ 11:26:59 - Access token from cache is 
09-26-2023 @ 11:26:59 - API keys not available.
09-26-2023 @ 11:26:59 - no api keys available
09-26-2023 @ 11:26:59 - Access token from cache is 
09-26-2023 @ 11:26:59 - API keys not available.
09-26-2023 @ 11:26:59 - no api keys available
09-26-2023 @ 11:27:02 - Access token from cache is 
09-26-2023 @ 11:27:02 - API keys not available.
09-26-2023 @ 11:27:02 - no api keys available
09-26-2023 @ 11:27:02 - Access token from cache is 
09-26-2023 @ 11:27:02 - API keys not available.
09-26-2023 @ 11:27:02 - no api keys available
09-26-2023 @ 11:27:02 - Access token from cache is 
09-26-2023 @ 11:27:02 - API keys not available.
09-26-2023 @ 11:27:02 - no api keys available
09-26-2023 @ 11:27:10 - Access token from cache is 
09-26-2023 @ 11:27:10 - API keys not available.
09-26-2023 @ 11:27:10 - no api keys available
09-26-2023 @ 11:27:10 - Access token from cache is 
09-26-2023 @ 11:27:10 - API keys not available.
09-26-2023 @ 11:27:10 - no api keys available
09-26-2023 @ 11:27:10 - Access token from cache is 
09-26-2023 @ 11:27:10 - API keys not available.
09-26-2023 @ 11:27:10 - no api keys available
09-26-2023 @ 11:27:13 - Access token from cache is 
09-26-2023 @ 11:27:13 - API keys not available.
09-26-2023 @ 11:27:13 - no api keys available
09-26-2023 @ 11:27:13 - Access token from cache is 
09-26-2023 @ 11:27:13 - API keys not available.
09-26-2023 @ 11:27:13 - no api keys available
09-26-2023 @ 11:27:13 - Access token from cache is 
09-26-2023 @ 11:27:13 - API keys not available.
09-26-2023 @ 11:27:13 - no api keys available
09-26-2023 @ 11:27:24 - Access token from cache is 
09-26-2023 @ 11:27:24 - API keys not available.
09-26-2023 @ 11:27:24 - no api keys available
09-26-2023 @ 11:27:24 - Access token from cache is 
09-26-2023 @ 11:27:24 - API keys not available.
09-26-2023 @ 11:27:24 - no api keys available
09-26-2023 @ 11:27:25 - Access token from cache is 
09-26-2023 @ 11:27:25 - API keys not available.
09-26-2023 @ 11:27:25 - no api keys available
09-26-2023 @ 11:27:25 - Access token from cache is 
09-26-2023 @ 11:27:25 - API keys not available.
09-26-2023 @ 11:27:25 - no api keys available
09-26-2023 @ 11:27:25 - Access token from cache is 
09-26-2023 @ 11:27:25 - API keys not available.
09-26-2023 @ 11:27:25 - no api keys available
09-26-2023 @ 11:27:27 - checking 0 orders
09-26-2023 @ 11:27:27 - API keys not available.
09-26-2023 @ 11:27:29 - Access token from cache is 
09-26-2023 @ 11:27:29 - API keys not available.
09-26-2023 @ 11:27:29 - no api keys available
09-26-2023 @ 11:27:29 - Access token from cache is 
09-26-2023 @ 11:27:29 - API keys not available.
09-26-2023 @ 11:27:29 - no api keys available
09-26-2023 @ 11:27:29 - Access token from cache is 
09-26-2023 @ 11:27:29 - API keys not available.
09-26-2023 @ 11:27:29 - no api keys available
09-26-2023 @ 11:27:32 - Access token from cache is 
09-26-2023 @ 11:27:32 - API keys not available.
09-26-2023 @ 11:27:32 - no api keys available
09-26-2023 @ 11:27:32 - Access token from cache is 
09-26-2023 @ 11:27:32 - API keys not available.
09-26-2023 @ 11:27:32 - no api keys available
09-26-2023 @ 11:27:32 - Access token from cache is 
09-26-2023 @ 11:27:32 - API keys not available.
09-26-2023 @ 11:27:32 - no api keys available
09-26-2023 @ 11:27:36 - Access token from cache is 
09-26-2023 @ 11:27:36 - API keys not available.
09-26-2023 @ 11:27:36 - no api keys available
09-26-2023 @ 11:27:36 - Access token from cache is 
09-26-2023 @ 11:27:36 - API keys not available.
09-26-2023 @ 11:27:36 - no api keys available
09-26-2023 @ 11:27:36 - Access token from cache is 
09-26-2023 @ 11:27:36 - API keys not available.
09-26-2023 @ 11:27:36 - no api keys available
09-26-2023 @ 11:27:41 - Access token from cache is 
09-26-2023 @ 11:27:41 - API keys not available.
09-26-2023 @ 11:27:41 - no api keys available
09-26-2023 @ 11:27:41 - Access token from cache is 
09-26-2023 @ 11:27:41 - API keys not available.
09-26-2023 @ 11:27:41 - no api keys available
09-26-2023 @ 11:27:41 - Access token from cache is 
09-26-2023 @ 11:27:41 - API keys not available.
09-26-2023 @ 11:27:41 - no api keys available
09-26-2023 @ 11:27:44 - Access token from cache is 
09-26-2023 @ 11:27:44 - API keys not available.
09-26-2023 @ 11:27:44 - no api keys available
09-26-2023 @ 11:27:44 - Access token from cache is 
09-26-2023 @ 11:27:44 - API keys not available.
09-26-2023 @ 11:27:44 - no api keys available
09-26-2023 @ 11:27:44 - Access token from cache is 
09-26-2023 @ 11:27:44 - API keys not available.
09-26-2023 @ 11:27:44 - no api keys available
09-26-2023 @ 11:27:56 - Access token from cache is 
09-26-2023 @ 11:27:56 - API keys not available.
09-26-2023 @ 11:27:56 - no api keys available
09-26-2023 @ 11:27:56 - Access token from cache is 
09-26-2023 @ 11:27:56 - API keys not available.
09-26-2023 @ 11:27:56 - no api keys available
09-26-2023 @ 11:27:57 - Access token from cache is 
09-26-2023 @ 11:27:57 - API keys not available.
09-26-2023 @ 11:27:57 - no api keys available
09-26-2023 @ 11:27:57 - Access token from cache is 
09-26-2023 @ 11:27:57 - API keys not available.
09-26-2023 @ 11:27:57 - no api keys available
09-26-2023 @ 11:27:58 - Access token from cache is 
09-26-2023 @ 11:27:58 - API keys not available.
09-26-2023 @ 11:27:58 - no api keys available
09-26-2023 @ 11:28:00 - Access token from cache is 
09-26-2023 @ 11:28:00 - API keys not available.
09-26-2023 @ 11:28:00 - no api keys available
09-26-2023 @ 11:28:00 - Access token from cache is 
09-26-2023 @ 11:28:00 - API keys not available.
09-26-2023 @ 11:28:00 - no api keys available
09-26-2023 @ 11:28:00 - Access token from cache is 
09-26-2023 @ 11:28:00 - API keys not available.
09-26-2023 @ 11:28:00 - no api keys available
09-26-2023 @ 11:28:09 - Access token from cache is 
09-26-2023 @ 11:28:09 - API keys not available.
09-26-2023 @ 11:28:09 - no api keys available
09-26-2023 @ 11:28:33 - Access token from cache is 
09-26-2023 @ 11:28:33 - API keys not available.
09-26-2023 @ 11:28:33 - no api keys available
09-26-2023 @ 11:28:58 - Access token from cache is 
09-26-2023 @ 11:28:58 - API keys not available.
09-26-2023 @ 11:28:58 - no api keys available
09-26-2023 @ 11:29:31 - Access token from cache is 
09-26-2023 @ 11:29:31 - API keys not available.
09-26-2023 @ 11:29:31 - no api keys available
09-26-2023 @ 11:29:32 - checking 0 orders
09-26-2023 @ 11:29:32 - API keys not available.
09-26-2023 @ 11:29:35 - Access token from cache is 
09-26-2023 @ 11:29:35 - API keys not available.
09-26-2023 @ 11:29:35 - no api keys available
09-26-2023 @ 11:31:31 - checking 0 orders
09-26-2023 @ 11:31:31 - API keys not available.
09-26-2023 @ 11:33:32 - checking 0 orders
09-26-2023 @ 11:33:32 - API keys not available.
09-26-2023 @ 11:35:34 - checking 0 orders
09-26-2023 @ 11:35:34 - API keys not available.
09-26-2023 @ 11:37:34 - checking 0 orders
09-26-2023 @ 11:37:34 - API keys not available.
09-26-2023 @ 11:39:37 - checking 0 orders
09-26-2023 @ 11:39:37 - API keys not available.
09-26-2023 @ 11:43:05 - checking 0 orders
09-26-2023 @ 11:43:05 - API keys not available.
09-26-2023 @ 11:45:06 - checking 0 orders
09-26-2023 @ 11:45:06 - API keys not available.
09-26-2023 @ 11:47:07 - checking 0 orders
09-26-2023 @ 11:47:07 - API keys not available.
09-26-2023 @ 11:49:07 - checking 0 orders
09-26-2023 @ 11:49:07 - API keys not available.
09-26-2023 @ 11:51:10 - checking 0 orders
09-26-2023 @ 11:51:10 - API keys not available.
09-26-2023 @ 11:53:10 - checking 0 orders
09-26-2023 @ 11:53:10 - API keys not available.
09-26-2023 @ 11:55:12 - checking 0 orders
09-26-2023 @ 11:55:12 - API keys not available.
09-26-2023 @ 11:57:12 - checking 0 orders
09-26-2023 @ 11:57:12 - API keys not available.
09-26-2023 @ 11:59:12 - checking 0 orders
09-26-2023 @ 11:59:12 - API keys not available.
09-26-2023 @ 12:01:13 - checking 0 orders
09-26-2023 @ 12:01:13 - API keys not available.
09-26-2023 @ 12:01:26 - checking 0 orders
09-26-2023 @ 12:01:26 - API keys not available.
09-26-2023 @ 12:03:27 - checking 0 orders
09-26-2023 @ 12:03:27 - API keys not available.
09-26-2023 @ 12:05:28 - checking 0 orders
09-26-2023 @ 12:05:28 - API keys not available.
09-26-2023 @ 12:07:29 - checking 0 orders
09-26-2023 @ 12:07:29 - API keys not available.
09-26-2023 @ 12:09:30 - checking 0 orders
09-26-2023 @ 12:09:30 - API keys not available.
09-26-2023 @ 12:11:31 - checking 0 orders
09-26-2023 @ 12:11:31 - API keys not available.
09-26-2023 @ 12:12:54 - Access token from cache is 
09-26-2023 @ 12:12:54 - API keys not available.
09-26-2023 @ 12:12:54 - no api keys available
09-26-2023 @ 12:13:05 - Access token from cache is 
09-26-2023 @ 12:13:05 - API keys not available.
09-26-2023 @ 12:13:05 - no api keys available
09-26-2023 @ 12:13:33 - checking 0 orders
09-26-2023 @ 12:13:33 - API keys not available.
09-26-2023 @ 12:14:26 - Access token from cache is 
09-26-2023 @ 12:14:26 - API keys not available.
09-26-2023 @ 12:14:26 - no api keys available
09-26-2023 @ 12:14:26 - Access token from cache is 
09-26-2023 @ 12:14:26 - API keys not available.
09-26-2023 @ 12:14:26 - no api keys available
09-26-2023 @ 12:14:41 - Access token from cache is 
09-26-2023 @ 12:14:41 - API keys not available.
09-26-2023 @ 12:14:41 - no api keys available
09-26-2023 @ 12:14:41 - Access token from cache is 
09-26-2023 @ 12:14:41 - API keys not available.
09-26-2023 @ 12:14:41 - no api keys available
09-26-2023 @ 12:14:42 - Access token from cache is 
09-26-2023 @ 12:14:42 - API keys not available.
09-26-2023 @ 12:14:42 - no api keys available
09-26-2023 @ 12:14:45 - Access token from cache is 
09-26-2023 @ 12:14:45 - API keys not available.
09-26-2023 @ 12:14:45 - no api keys available
09-26-2023 @ 12:14:45 - Access token from cache is 
09-26-2023 @ 12:14:45 - API keys not available.
09-26-2023 @ 12:14:45 - no api keys available
09-26-2023 @ 12:14:45 - Access token from cache is 
09-26-2023 @ 12:14:45 - API keys not available.
09-26-2023 @ 12:14:45 - no api keys available
09-26-2023 @ 12:16:09 - checking 0 orders
09-26-2023 @ 12:16:09 - API keys not available.
09-26-2023 @ 12:18:48 - checking 0 orders
09-26-2023 @ 12:18:48 - API keys not available.
09-26-2023 @ 12:19:34 - checking 0 orders
09-26-2023 @ 12:19:34 - API keys not available.
09-26-2023 @ 12:22:38 - checking 0 orders
09-26-2023 @ 12:22:38 - API keys not available.
09-26-2023 @ 12:23:42 - checking 0 orders
09-26-2023 @ 12:23:42 - API keys not available.
09-26-2023 @ 12:26:48 - checking 0 orders
09-26-2023 @ 12:26:48 - API keys not available.
09-26-2023 @ 12:28:46 - checking 0 orders
09-26-2023 @ 12:28:46 - API keys not available.
09-26-2023 @ 12:29:39 - checking 0 orders
09-26-2023 @ 12:29:39 - API keys not available.
09-26-2023 @ 12:31:56 - checking 0 orders
09-26-2023 @ 12:31:56 - API keys not available.
09-26-2023 @ 12:33:38 - checking 0 orders
09-26-2023 @ 12:33:38 - API keys not available.
09-26-2023 @ 12:35:33 - checking 0 orders
09-26-2023 @ 12:35:33 - API keys not available.
09-26-2023 @ 12:37:48 - checking 0 orders
09-26-2023 @ 12:37:48 - API keys not available.
09-26-2023 @ 12:39:50 - checking 0 orders
09-26-2023 @ 12:39:50 - API keys not available.
09-26-2023 @ 12:41:51 - checking 0 orders
09-26-2023 @ 12:41:51 - API keys not available.
09-26-2023 @ 12:43:45 - checking 0 orders
09-26-2023 @ 12:43:45 - API keys not available.
09-26-2023 @ 12:46:20 - checking 0 orders
09-26-2023 @ 12:46:20 - API keys not available.
09-26-2023 @ 12:46:34 - Access token from cache is 
09-26-2023 @ 12:46:34 - API keys not available.
09-26-2023 @ 12:46:34 - no api keys available
09-26-2023 @ 12:46:41 - Access token from cache is 
09-26-2023 @ 12:46:41 - API keys not available.
09-26-2023 @ 12:46:41 - no api keys available
09-26-2023 @ 12:46:49 - Access token from cache is 
09-26-2023 @ 12:46:49 - API keys not available.
09-26-2023 @ 12:46:49 - no api keys available
09-26-2023 @ 12:46:51 - Access token from cache is 
09-26-2023 @ 12:46:51 - API keys not available.
09-26-2023 @ 12:46:51 - no api keys available
09-26-2023 @ 12:46:51 - Access token from cache is 
09-26-2023 @ 12:46:51 - API keys not available.
09-26-2023 @ 12:46:51 - no api keys available
09-26-2023 @ 12:46:57 - Access token from cache is 
09-26-2023 @ 12:46:57 - API keys not available.
09-26-2023 @ 12:46:57 - no api keys available
09-26-2023 @ 12:46:57 - Access token from cache is 
09-26-2023 @ 12:46:57 - API keys not available.
09-26-2023 @ 12:46:57 - no api keys available
09-26-2023 @ 12:46:58 - Access token from cache is 
09-26-2023 @ 12:46:58 - API keys not available.
09-26-2023 @ 12:46:58 - no api keys available
09-26-2023 @ 12:47:00 - Access token from cache is 
09-26-2023 @ 12:47:00 - API keys not available.
09-26-2023 @ 12:47:00 - no api keys available
09-26-2023 @ 12:47:00 - Access token from cache is 
09-26-2023 @ 12:47:00 - API keys not available.
09-26-2023 @ 12:47:00 - no api keys available
09-26-2023 @ 12:47:00 - Access token from cache is 
09-26-2023 @ 12:47:00 - API keys not available.
09-26-2023 @ 12:47:00 - no api keys available
09-26-2023 @ 12:47:10 - Access token from cache is 
09-26-2023 @ 12:47:10 - API keys not available.
09-26-2023 @ 12:47:10 - no api keys available
09-26-2023 @ 12:47:10 - Access token from cache is 
09-26-2023 @ 12:47:10 - API keys not available.
09-26-2023 @ 12:47:10 - no api keys available
09-26-2023 @ 12:47:10 - Access token from cache is 
09-26-2023 @ 12:47:10 - API keys not available.
09-26-2023 @ 12:47:10 - no api keys available
09-26-2023 @ 12:47:13 - Access token from cache is 
09-26-2023 @ 12:47:13 - API keys not available.
09-26-2023 @ 12:47:13 - no api keys available
09-26-2023 @ 12:47:13 - Access token from cache is 
09-26-2023 @ 12:47:13 - API keys not available.
09-26-2023 @ 12:47:13 - no api keys available
09-26-2023 @ 12:47:13 - Access token from cache is 
09-26-2023 @ 12:47:13 - API keys not available.
09-26-2023 @ 12:47:13 - no api keys available
09-26-2023 @ 12:47:37 - checking 0 orders
09-26-2023 @ 12:47:37 - API keys not available.
09-26-2023 @ 12:47:38 - Access token from cache is 
09-26-2023 @ 12:47:38 - API keys not available.
09-26-2023 @ 12:47:38 - no api keys available
09-26-2023 @ 12:47:38 - Access token from cache is 
09-26-2023 @ 12:47:38 - API keys not available.
09-26-2023 @ 12:47:38 - no api keys available
09-26-2023 @ 12:47:39 - Access token from cache is 
09-26-2023 @ 12:47:39 - API keys not available.
09-26-2023 @ 12:47:39 - no api keys available
09-26-2023 @ 12:47:41 - Access token from cache is 
09-26-2023 @ 12:47:41 - API keys not available.
09-26-2023 @ 12:47:41 - no api keys available
09-26-2023 @ 12:47:41 - Access token from cache is 
09-26-2023 @ 12:47:41 - API keys not available.
09-26-2023 @ 12:47:41 - no api keys available
09-26-2023 @ 12:47:41 - Access token from cache is 
09-26-2023 @ 12:47:41 - API keys not available.
09-26-2023 @ 12:47:41 - no api keys available
09-26-2023 @ 12:50:35 - checking 0 orders
09-26-2023 @ 12:50:35 - API keys not available.
09-26-2023 @ 12:51:28 - checking 0 orders
09-26-2023 @ 12:51:28 - API keys not available.
09-26-2023 @ 12:51:28 - Access token from cache is 
09-26-2023 @ 12:51:28 - API keys not available.
09-26-2023 @ 12:51:28 - no api keys available
09-26-2023 @ 12:51:28 - Access token from cache is 
09-26-2023 @ 12:51:28 - API keys not available.
09-26-2023 @ 12:51:28 - no api keys available
09-26-2023 @ 12:51:38 - Access token from cache is 
09-26-2023 @ 12:51:38 - API keys not available.
09-26-2023 @ 12:51:38 - no api keys available
09-26-2023 @ 12:51:38 - Access token from cache is 
09-26-2023 @ 12:51:38 - API keys not available.
09-26-2023 @ 12:51:38 - no api keys available
09-26-2023 @ 12:53:27 - checking 0 orders
09-26-2023 @ 12:53:27 - API keys not available.
09-26-2023 @ 12:54:16 - Access token from cache is 
09-26-2023 @ 12:54:16 - API keys not available.
09-26-2023 @ 12:54:16 - no api keys available
09-26-2023 @ 12:54:16 - Access token from cache is 
09-26-2023 @ 12:54:16 - API keys not available.
09-26-2023 @ 12:54:16 - no api keys available
09-26-2023 @ 12:54:17 - Access token from cache is 
09-26-2023 @ 12:54:17 - API keys not available.
09-26-2023 @ 12:54:17 - no api keys available
09-26-2023 @ 12:54:17 - Access token from cache is 
09-26-2023 @ 12:54:17 - API keys not available.
09-26-2023 @ 12:54:17 - no api keys available
09-26-2023 @ 12:54:18 - Access token from cache is 
09-26-2023 @ 12:54:18 - API keys not available.
09-26-2023 @ 12:54:18 - no api keys available
09-26-2023 @ 12:54:20 - Access token from cache is 
09-26-2023 @ 12:54:20 - API keys not available.
09-26-2023 @ 12:54:20 - no api keys available
09-26-2023 @ 12:54:20 - Access token from cache is 
09-26-2023 @ 12:54:20 - API keys not available.
09-26-2023 @ 12:54:20 - no api keys available
09-26-2023 @ 12:54:20 - Access token from cache is 
09-26-2023 @ 12:54:20 - API keys not available.
09-26-2023 @ 12:54:20 - no api keys available
09-26-2023 @ 12:54:29 - Access token from cache is 
09-26-2023 @ 12:54:29 - API keys not available.
09-26-2023 @ 12:54:29 - no api keys available
09-26-2023 @ 12:54:29 - Access token from cache is 
09-26-2023 @ 12:54:29 - API keys not available.
09-26-2023 @ 12:54:29 - no api keys available
09-26-2023 @ 12:54:30 - Access token from cache is 
09-26-2023 @ 12:54:30 - API keys not available.
09-26-2023 @ 12:54:30 - no api keys available
09-26-2023 @ 12:54:33 - Access token from cache is 
09-26-2023 @ 12:54:33 - API keys not available.
09-26-2023 @ 12:54:33 - no api keys available
09-26-2023 @ 12:54:33 - Access token from cache is 
09-26-2023 @ 12:54:33 - API keys not available.
09-26-2023 @ 12:54:33 - no api keys available
09-26-2023 @ 12:54:33 - Access token from cache is 
09-26-2023 @ 12:54:33 - API keys not available.
09-26-2023 @ 12:54:33 - no api keys available
09-26-2023 @ 12:55:24 - Access token from cache is 
09-26-2023 @ 12:55:24 - API keys not available.
09-26-2023 @ 12:55:24 - no api keys available
09-26-2023 @ 12:55:24 - Access token from cache is 
09-26-2023 @ 12:55:24 - API keys not available.
09-26-2023 @ 12:55:24 - no api keys available
09-26-2023 @ 12:55:28 - checking 0 orders
09-26-2023 @ 12:55:28 - API keys not available.
09-26-2023 @ 12:55:46 - Access token from cache is 
09-26-2023 @ 12:55:46 - API keys not available.
09-26-2023 @ 12:55:46 - no api keys available
09-26-2023 @ 12:55:46 - Access token from cache is 
09-26-2023 @ 12:55:46 - API keys not available.
09-26-2023 @ 12:55:46 - no api keys available
09-26-2023 @ 12:55:47 - Access token from cache is 
09-26-2023 @ 12:55:47 - API keys not available.
09-26-2023 @ 12:55:47 - no api keys available
09-26-2023 @ 12:55:47 - Access token from cache is 
09-26-2023 @ 12:55:47 - API keys not available.
09-26-2023 @ 12:55:47 - no api keys available
09-26-2023 @ 12:55:48 - Access token from cache is 
09-26-2023 @ 12:55:48 - API keys not available.
09-26-2023 @ 12:55:48 - no api keys available
09-26-2023 @ 12:55:50 - Access token from cache is 
09-26-2023 @ 12:55:50 - API keys not available.
09-26-2023 @ 12:55:50 - no api keys available
09-26-2023 @ 12:55:50 - Access token from cache is 
09-26-2023 @ 12:55:50 - API keys not available.
09-26-2023 @ 12:55:50 - no api keys available
09-26-2023 @ 12:55:50 - Access token from cache is 
09-26-2023 @ 12:55:50 - API keys not available.
09-26-2023 @ 12:55:50 - no api keys available
09-26-2023 @ 12:55:55 - Access token from cache is 
09-26-2023 @ 12:55:55 - API keys not available.
09-26-2023 @ 12:55:55 - no api keys available
09-26-2023 @ 12:55:55 - Access token from cache is 
09-26-2023 @ 12:55:55 - API keys not available.
09-26-2023 @ 12:55:55 - no api keys available
09-26-2023 @ 12:55:55 - Access token from cache is 
09-26-2023 @ 12:55:55 - API keys not available.
09-26-2023 @ 12:55:55 - no api keys available
09-26-2023 @ 12:55:58 - Access token from cache is 
09-26-2023 @ 12:55:58 - API keys not available.
09-26-2023 @ 12:55:58 - no api keys available
09-26-2023 @ 12:55:58 - Access token from cache is 
09-26-2023 @ 12:55:58 - API keys not available.
09-26-2023 @ 12:55:58 - no api keys available
09-26-2023 @ 12:55:58 - Access token from cache is 
09-26-2023 @ 12:55:58 - API keys not available.
09-26-2023 @ 12:55:58 - no api keys available
09-26-2023 @ 12:56:02 - Access token from cache is 
09-26-2023 @ 12:56:02 - API keys not available.
09-26-2023 @ 12:56:02 - no api keys available
09-26-2023 @ 12:56:02 - Access token from cache is 
09-26-2023 @ 12:56:02 - API keys not available.
09-26-2023 @ 12:56:02 - no api keys available
09-26-2023 @ 12:56:03 - Access token from cache is 
09-26-2023 @ 12:56:03 - API keys not available.
09-26-2023 @ 12:56:03 - no api keys available
09-26-2023 @ 12:56:10 - Access token from cache is 
09-26-2023 @ 12:56:10 - API keys not available.
09-26-2023 @ 12:56:10 - no api keys available
09-26-2023 @ 12:56:10 - Access token from cache is 
09-26-2023 @ 12:56:10 - API keys not available.
09-26-2023 @ 12:56:10 - no api keys available
09-26-2023 @ 12:56:10 - Access token from cache is 
09-26-2023 @ 12:56:10 - API keys not available.
09-26-2023 @ 12:56:10 - no api keys available
09-26-2023 @ 12:56:54 - Access token from cache is 
09-26-2023 @ 12:56:54 - API keys not available.
09-26-2023 @ 12:56:54 - no api keys available
09-26-2023 @ 12:56:54 - Access token from cache is 
09-26-2023 @ 12:56:54 - API keys not available.
09-26-2023 @ 12:56:54 - no api keys available
09-26-2023 @ 12:56:59 - Access token from cache is 
09-26-2023 @ 12:56:59 - API keys not available.
09-26-2023 @ 12:56:59 - no api keys available
09-26-2023 @ 12:56:59 - Access token from cache is 
09-26-2023 @ 12:56:59 - API keys not available.
09-26-2023 @ 12:56:59 - no api keys available
09-26-2023 @ 12:56:59 - Access token from cache is 
09-26-2023 @ 12:56:59 - API keys not available.
09-26-2023 @ 12:56:59 - no api keys available
09-26-2023 @ 12:56:59 - Access token from cache is 
09-26-2023 @ 12:56:59 - API keys not available.
09-26-2023 @ 12:56:59 - no api keys available
09-26-2023 @ 12:57:00 - Access token from cache is 
09-26-2023 @ 12:57:00 - API keys not available.
09-26-2023 @ 12:57:00 - no api keys available
09-26-2023 @ 12:57:02 - Access token from cache is 
09-26-2023 @ 12:57:02 - API keys not available.
09-26-2023 @ 12:57:02 - no api keys available
09-26-2023 @ 12:57:03 - Access token from cache is 
09-26-2023 @ 12:57:03 - API keys not available.
09-26-2023 @ 12:57:03 - no api keys available
09-26-2023 @ 12:57:03 - Access token from cache is 
09-26-2023 @ 12:57:03 - API keys not available.
09-26-2023 @ 12:57:03 - no api keys available
09-26-2023 @ 12:57:33 - checking 0 orders
09-26-2023 @ 12:57:33 - API keys not available.
09-26-2023 @ 12:59:33 - checking 0 orders
09-26-2023 @ 12:59:33 - API keys not available.
09-26-2023 @ 13:01:33 - checking 0 orders
09-26-2023 @ 13:01:33 - API keys not available.
09-26-2023 @ 13:04:06 - checking 0 orders
09-26-2023 @ 13:04:06 - API keys not available.
09-26-2023 @ 13:08:43 - checking 0 orders
09-26-2023 @ 13:08:43 - API keys not available.
09-26-2023 @ 13:09:37 - checking 0 orders
09-26-2023 @ 13:09:37 - API keys not available.
09-26-2023 @ 13:10:43 - Access token from cache is 
09-26-2023 @ 13:10:43 - API keys not available.
09-26-2023 @ 13:10:43 - no api keys available
09-26-2023 @ 13:10:43 - Access token from cache is 
09-26-2023 @ 13:10:43 - API keys not available.
09-26-2023 @ 13:10:43 - no api keys available
09-26-2023 @ 13:10:44 - Access token from cache is 
09-26-2023 @ 13:10:44 - API keys not available.
09-26-2023 @ 13:10:44 - no api keys available
09-26-2023 @ 13:10:44 - Access token from cache is 
09-26-2023 @ 13:10:44 - API keys not available.
09-26-2023 @ 13:10:44 - no api keys available
09-26-2023 @ 13:10:46 - Access token from cache is 
09-26-2023 @ 13:10:46 - API keys not available.
09-26-2023 @ 13:10:46 - no api keys available
09-26-2023 @ 13:10:48 - Access token from cache is 
09-26-2023 @ 13:10:48 - API keys not available.
09-26-2023 @ 13:10:48 - no api keys available
09-26-2023 @ 13:10:48 - Access token from cache is 
09-26-2023 @ 13:10:48 - API keys not available.
09-26-2023 @ 13:10:48 - no api keys available
09-26-2023 @ 13:10:48 - Access token from cache is 
09-26-2023 @ 13:10:48 - API keys not available.
09-26-2023 @ 13:10:48 - no api keys available
09-26-2023 @ 13:11:05 - Access token from cache is 
09-26-2023 @ 13:11:05 - API keys not available.
09-26-2023 @ 13:11:05 - no api keys available
09-26-2023 @ 13:11:05 - Access token from cache is 
09-26-2023 @ 13:11:05 - API keys not available.
09-26-2023 @ 13:11:05 - no api keys available
09-26-2023 @ 13:11:05 - Access token from cache is 
09-26-2023 @ 13:11:05 - API keys not available.
09-26-2023 @ 13:11:05 - no api keys available
09-26-2023 @ 13:11:08 - Access token from cache is 
09-26-2023 @ 13:11:08 - API keys not available.
09-26-2023 @ 13:11:08 - no api keys available
09-26-2023 @ 13:11:08 - Access token from cache is 
09-26-2023 @ 13:11:08 - API keys not available.
09-26-2023 @ 13:11:08 - no api keys available
09-26-2023 @ 13:11:08 - Access token from cache is 
09-26-2023 @ 13:11:08 - API keys not available.
09-26-2023 @ 13:11:08 - no api keys available
09-26-2023 @ 13:11:13 - Access token from cache is 
09-26-2023 @ 13:11:13 - API keys not available.
09-26-2023 @ 13:11:13 - no api keys available
09-26-2023 @ 13:11:13 - Access token from cache is 
09-26-2023 @ 13:11:13 - API keys not available.
09-26-2023 @ 13:11:13 - no api keys available
09-26-2023 @ 13:11:13 - Access token from cache is 
09-26-2023 @ 13:11:13 - API keys not available.
09-26-2023 @ 13:11:13 - no api keys available
09-26-2023 @ 13:11:15 - Access token from cache is 
09-26-2023 @ 13:11:15 - API keys not available.
09-26-2023 @ 13:11:15 - no api keys available
09-26-2023 @ 13:11:15 - Access token from cache is 
09-26-2023 @ 13:11:15 - API keys not available.
09-26-2023 @ 13:11:15 - no api keys available
09-26-2023 @ 13:11:15 - Access token from cache is 
09-26-2023 @ 13:11:15 - API keys not available.
09-26-2023 @ 13:11:15 - no api keys available
09-26-2023 @ 13:11:26 - checking 0 orders
09-26-2023 @ 13:11:26 - API keys not available.
09-26-2023 @ 13:11:58 - Access token from cache is 
09-26-2023 @ 13:11:58 - API keys not available.
09-26-2023 @ 13:11:58 - no api keys available
09-26-2023 @ 13:11:58 - Access token from cache is 
09-26-2023 @ 13:11:58 - API keys not available.
09-26-2023 @ 13:11:58 - no api keys available
09-26-2023 @ 13:12:21 - Access token from cache is 
09-26-2023 @ 13:12:21 - API keys not available.
09-26-2023 @ 13:12:21 - no api keys available
09-26-2023 @ 13:12:21 - Access token from cache is 
09-26-2023 @ 13:12:21 - API keys not available.
09-26-2023 @ 13:12:21 - no api keys available
09-26-2023 @ 13:12:23 - Access token from cache is 
09-26-2023 @ 13:12:23 - API keys not available.
09-26-2023 @ 13:12:23 - no api keys available
09-26-2023 @ 13:12:23 - Access token from cache is 
09-26-2023 @ 13:12:23 - API keys not available.
09-26-2023 @ 13:12:23 - no api keys available
09-26-2023 @ 13:12:23 - Access token from cache is 
09-26-2023 @ 13:12:23 - API keys not available.
09-26-2023 @ 13:12:23 - no api keys available
09-26-2023 @ 13:12:26 - Access token from cache is 
09-26-2023 @ 13:12:26 - API keys not available.
09-26-2023 @ 13:12:26 - no api keys available
09-26-2023 @ 13:12:26 - Access token from cache is 
09-26-2023 @ 13:12:26 - API keys not available.
09-26-2023 @ 13:12:26 - no api keys available
09-26-2023 @ 13:12:26 - Access token from cache is 
09-26-2023 @ 13:12:26 - API keys not available.
09-26-2023 @ 13:12:26 - no api keys available
09-26-2023 @ 13:12:30 - Access token from cache is 
09-26-2023 @ 13:12:30 - API keys not available.
09-26-2023 @ 13:12:30 - no api keys available
09-26-2023 @ 13:12:30 - Access token from cache is 
09-26-2023 @ 13:12:30 - API keys not available.
09-26-2023 @ 13:12:30 - no api keys available
09-26-2023 @ 13:12:31 - Access token from cache is 
09-26-2023 @ 13:12:31 - API keys not available.
09-26-2023 @ 13:12:31 - no api keys available
09-26-2023 @ 13:12:34 - Access token from cache is 
09-26-2023 @ 13:12:34 - API keys not available.
09-26-2023 @ 13:12:34 - no api keys available
09-26-2023 @ 13:12:34 - Access token from cache is 
09-26-2023 @ 13:12:34 - API keys not available.
09-26-2023 @ 13:12:34 - no api keys available
09-26-2023 @ 13:12:34 - Access token from cache is 
09-26-2023 @ 13:12:34 - API keys not available.
09-26-2023 @ 13:12:34 - no api keys available
09-26-2023 @ 13:13:33 - checking 0 orders
09-26-2023 @ 13:13:33 - API keys not available.
09-26-2023 @ 13:13:33 - Access token from cache is 
09-26-2023 @ 13:13:33 - API keys not available.
09-26-2023 @ 13:13:33 - no api keys available
09-26-2023 @ 13:13:33 - Access token from cache is 
09-26-2023 @ 13:13:33 - API keys not available.
09-26-2023 @ 13:13:33 - no api keys available
09-26-2023 @ 13:13:56 - Access token from cache is 
09-26-2023 @ 13:13:56 - API keys not available.
09-26-2023 @ 13:13:56 - no api keys available
09-26-2023 @ 13:13:56 - Access token from cache is 
09-26-2023 @ 13:13:56 - API keys not available.
09-26-2023 @ 13:13:56 - no api keys available
09-26-2023 @ 13:13:58 - Access token from cache is 
09-26-2023 @ 13:13:58 - API keys not available.
09-26-2023 @ 13:13:58 - no api keys available
09-26-2023 @ 13:13:58 - Access token from cache is 
09-26-2023 @ 13:13:58 - API keys not available.
09-26-2023 @ 13:13:58 - no api keys available
09-26-2023 @ 13:14:00 - Access token from cache is 
09-26-2023 @ 13:14:00 - API keys not available.
09-26-2023 @ 13:14:00 - no api keys available
09-26-2023 @ 13:14:02 - Access token from cache is 
09-26-2023 @ 13:14:02 - API keys not available.
09-26-2023 @ 13:14:02 - no api keys available
09-26-2023 @ 13:14:03 - Access token from cache is 
09-26-2023 @ 13:14:03 - API keys not available.
09-26-2023 @ 13:14:03 - no api keys available
09-26-2023 @ 13:14:03 - Access token from cache is 
09-26-2023 @ 13:14:03 - API keys not available.
09-26-2023 @ 13:14:03 - no api keys available
09-26-2023 @ 13:14:09 - Access token from cache is 
09-26-2023 @ 13:14:09 - API keys not available.
09-26-2023 @ 13:14:09 - no api keys available
09-26-2023 @ 13:14:09 - Access token from cache is 
09-26-2023 @ 13:14:09 - API keys not available.
09-26-2023 @ 13:14:09 - no api keys available
09-26-2023 @ 13:14:10 - Access token from cache is 
09-26-2023 @ 13:14:10 - API keys not available.
09-26-2023 @ 13:14:10 - no api keys available
09-26-2023 @ 13:14:12 - Access token from cache is 
09-26-2023 @ 13:14:12 - API keys not available.
09-26-2023 @ 13:14:12 - no api keys available
09-26-2023 @ 13:14:12 - Access token from cache is 
09-26-2023 @ 13:14:12 - API keys not available.
09-26-2023 @ 13:14:12 - no api keys available
09-26-2023 @ 13:14:12 - Access token from cache is 
09-26-2023 @ 13:14:12 - API keys not available.
09-26-2023 @ 13:14:12 - no api keys available
09-26-2023 @ 13:15:11 - Access token from cache is 
09-26-2023 @ 13:15:11 - API keys not available.
09-26-2023 @ 13:15:11 - no api keys available
09-26-2023 @ 13:15:11 - Access token from cache is 
09-26-2023 @ 13:15:11 - API keys not available.
09-26-2023 @ 13:15:11 - no api keys available
09-26-2023 @ 13:15:47 - checking 0 orders
09-26-2023 @ 13:15:47 - API keys not available.
09-26-2023 @ 13:15:47 - Access token from cache is 
09-26-2023 @ 13:15:47 - API keys not available.
09-26-2023 @ 13:15:47 - no api keys available
09-26-2023 @ 13:15:47 - Access token from cache is 
09-26-2023 @ 13:15:47 - API keys not available.
09-26-2023 @ 13:15:47 - no api keys available
09-26-2023 @ 13:15:48 - Access token from cache is 
09-26-2023 @ 13:15:48 - API keys not available.
09-26-2023 @ 13:15:48 - no api keys available
09-26-2023 @ 13:15:48 - Access token from cache is 
09-26-2023 @ 13:15:48 - API keys not available.
09-26-2023 @ 13:15:48 - no api keys available
09-26-2023 @ 13:15:49 - Access token from cache is 
09-26-2023 @ 13:15:49 - API keys not available.
09-26-2023 @ 13:15:49 - no api keys available
09-26-2023 @ 13:15:51 - Access token from cache is 
09-26-2023 @ 13:15:51 - API keys not available.
09-26-2023 @ 13:15:51 - no api keys available
09-26-2023 @ 13:15:51 - Access token from cache is 
09-26-2023 @ 13:15:51 - API keys not available.
09-26-2023 @ 13:15:51 - no api keys available
09-26-2023 @ 13:15:51 - Access token from cache is 
09-26-2023 @ 13:15:51 - API keys not available.
09-26-2023 @ 13:15:51 - no api keys available
09-26-2023 @ 13:15:56 - Access token from cache is 
09-26-2023 @ 13:15:56 - API keys not available.
09-26-2023 @ 13:15:56 - no api keys available
09-26-2023 @ 13:15:56 - Access token from cache is 
09-26-2023 @ 13:15:56 - API keys not available.
09-26-2023 @ 13:15:56 - no api keys available
09-26-2023 @ 13:15:57 - Access token from cache is 
09-26-2023 @ 13:15:57 - API keys not available.
09-26-2023 @ 13:15:57 - no api keys available
09-26-2023 @ 13:15:58 - Access token from cache is 
09-26-2023 @ 13:15:58 - API keys not available.
09-26-2023 @ 13:15:58 - no api keys available
09-26-2023 @ 13:15:58 - Access token from cache is 
09-26-2023 @ 13:15:58 - API keys not available.
09-26-2023 @ 13:15:58 - no api keys available
09-26-2023 @ 13:15:58 - Access token from cache is 
09-26-2023 @ 13:15:58 - API keys not available.
09-26-2023 @ 13:15:58 - no api keys available
09-26-2023 @ 13:17:03 - Access token from cache is 
09-26-2023 @ 13:17:03 - API keys not available.
09-26-2023 @ 13:17:03 - no api keys available
09-26-2023 @ 13:17:03 - Access token from cache is 
09-26-2023 @ 13:17:03 - API keys not available.
09-26-2023 @ 13:17:03 - no api keys available
09-26-2023 @ 13:17:12 - Access token from cache is 
09-26-2023 @ 13:17:12 - API keys not available.
09-26-2023 @ 13:17:12 - no api keys available
09-26-2023 @ 13:17:12 - Access token from cache is 
09-26-2023 @ 13:17:12 - API keys not available.
09-26-2023 @ 13:17:12 - no api keys available
09-26-2023 @ 13:17:13 - Access token from cache is 
09-26-2023 @ 13:17:13 - API keys not available.
09-26-2023 @ 13:17:13 - no api keys available
09-26-2023 @ 13:17:13 - Access token from cache is 
09-26-2023 @ 13:17:13 - API keys not available.
09-26-2023 @ 13:17:13 - no api keys available
09-26-2023 @ 13:17:14 - Access token from cache is 
09-26-2023 @ 13:17:14 - API keys not available.
09-26-2023 @ 13:17:14 - no api keys available
09-26-2023 @ 13:17:16 - Access token from cache is 
09-26-2023 @ 13:17:16 - API keys not available.
09-26-2023 @ 13:17:16 - no api keys available
09-26-2023 @ 13:17:16 - Access token from cache is 
09-26-2023 @ 13:17:16 - API keys not available.
09-26-2023 @ 13:17:16 - no api keys available
09-26-2023 @ 13:17:16 - Access token from cache is 
09-26-2023 @ 13:17:16 - API keys not available.
09-26-2023 @ 13:17:16 - no api keys available
09-26-2023 @ 13:17:31 - checking 0 orders
09-26-2023 @ 13:17:31 - API keys not available.
09-26-2023 @ 13:18:36 - Access token from cache is 
09-26-2023 @ 13:18:36 - API keys not available.
09-26-2023 @ 13:18:36 - no api keys available
09-26-2023 @ 13:18:39 - Access token from cache is 
09-26-2023 @ 13:18:39 - API keys not available.
09-26-2023 @ 13:18:39 - no api keys available
09-26-2023 @ 13:18:39 - Access token from cache is 
09-26-2023 @ 13:18:39 - API keys not available.
09-26-2023 @ 13:18:39 - no api keys available
09-26-2023 @ 13:18:40 - Access token from cache is 
09-26-2023 @ 13:18:40 - API keys not available.
09-26-2023 @ 13:18:40 - no api keys available
09-26-2023 @ 13:18:43 - Access token from cache is 
09-26-2023 @ 13:18:43 - API keys not available.
09-26-2023 @ 13:18:43 - no api keys available
09-26-2023 @ 13:18:43 - Access token from cache is 
09-26-2023 @ 13:18:43 - API keys not available.
09-26-2023 @ 13:18:43 - no api keys available
09-26-2023 @ 13:18:43 - Access token from cache is 
09-26-2023 @ 13:18:43 - API keys not available.
09-26-2023 @ 13:18:43 - no api keys available
09-26-2023 @ 13:18:48 - Access token from cache is 
09-26-2023 @ 13:18:48 - API keys not available.
09-26-2023 @ 13:18:48 - no api keys available
09-26-2023 @ 13:18:48 - Access token from cache is 
09-26-2023 @ 13:18:48 - API keys not available.
09-26-2023 @ 13:18:48 - no api keys available
09-26-2023 @ 13:18:48 - Access token from cache is 
09-26-2023 @ 13:18:48 - API keys not available.
09-26-2023 @ 13:18:48 - no api keys available
09-26-2023 @ 13:18:50 - Access token from cache is 
09-26-2023 @ 13:18:50 - API keys not available.
09-26-2023 @ 13:18:50 - no api keys available
09-26-2023 @ 13:18:50 - Access token from cache is 
09-26-2023 @ 13:18:50 - API keys not available.
09-26-2023 @ 13:18:50 - no api keys available
09-26-2023 @ 13:18:50 - Access token from cache is 
09-26-2023 @ 13:18:50 - API keys not available.
09-26-2023 @ 13:18:50 - no api keys available
09-26-2023 @ 13:18:56 - Access token from cache is 
09-26-2023 @ 13:18:56 - API keys not available.
09-26-2023 @ 13:18:56 - no api keys available
09-26-2023 @ 13:18:56 - Access token from cache is 
09-26-2023 @ 13:18:56 - API keys not available.
09-26-2023 @ 13:18:56 - no api keys available
09-26-2023 @ 13:18:57 - Access token from cache is 
09-26-2023 @ 13:18:57 - API keys not available.
09-26-2023 @ 13:18:57 - no api keys available
09-26-2023 @ 13:18:58 - Access token from cache is 
09-26-2023 @ 13:18:58 - API keys not available.
09-26-2023 @ 13:18:58 - no api keys available
09-26-2023 @ 13:18:58 - Access token from cache is 
09-26-2023 @ 13:18:58 - API keys not available.
09-26-2023 @ 13:18:58 - no api keys available
09-26-2023 @ 13:18:58 - Access token from cache is 
09-26-2023 @ 13:18:58 - API keys not available.
09-26-2023 @ 13:18:58 - no api keys available
09-26-2023 @ 13:19:28 - checking 0 orders
09-26-2023 @ 13:19:28 - API keys not available.
09-26-2023 @ 13:20:23 - Access token from cache is 
09-26-2023 @ 13:20:23 - API keys not available.
09-26-2023 @ 13:20:23 - no api keys available
09-26-2023 @ 13:20:23 - Access token from cache is 
09-26-2023 @ 13:20:23 - API keys not available.
09-26-2023 @ 13:20:23 - no api keys available
09-26-2023 @ 13:20:25 - Access token from cache is 
09-26-2023 @ 13:20:25 - API keys not available.
09-26-2023 @ 13:20:25 - no api keys available
09-26-2023 @ 13:21:53 - checking 0 orders
09-26-2023 @ 13:21:53 - API keys not available.
09-26-2023 @ 13:22:36 - Access token from cache is 
09-26-2023 @ 13:22:36 - API keys not available.
09-26-2023 @ 13:22:36 - no api keys available
09-26-2023 @ 13:23:27 - checking 0 orders
09-26-2023 @ 13:23:27 - API keys not available.
09-26-2023 @ 13:25:27 - checking 0 orders
09-26-2023 @ 13:25:27 - API keys not available.
09-26-2023 @ 13:27:01 - Access token from cache is 
09-26-2023 @ 13:27:01 - API keys not available.
09-26-2023 @ 13:27:01 - no api keys available
09-26-2023 @ 13:27:01 - Access token from cache is 
09-26-2023 @ 13:27:01 - API keys not available.
09-26-2023 @ 13:27:01 - no api keys available
09-26-2023 @ 13:27:05 - Access token from cache is 
09-26-2023 @ 13:27:06 - API keys not available.
09-26-2023 @ 13:27:06 - no api keys available
09-26-2023 @ 13:27:40 - checking 0 orders
09-26-2023 @ 13:27:40 - API keys not available.
09-26-2023 @ 13:29:31 - checking 0 orders
09-26-2023 @ 13:29:31 - API keys not available.
09-26-2023 @ 13:31:00 - Access token from cache is 
09-26-2023 @ 13:31:00 - API keys not available.
09-26-2023 @ 13:31:00 - no api keys available
09-26-2023 @ 13:31:27 - checking 0 orders
09-26-2023 @ 13:31:27 - API keys not available.
09-26-2023 @ 13:31:28 - Access token from cache is 
09-26-2023 @ 13:31:28 - API keys not available.
09-26-2023 @ 13:31:28 - no api keys available
09-26-2023 @ 13:32:08 - Access token from cache is 
09-26-2023 @ 13:32:08 - API keys not available.
09-26-2023 @ 13:32:08 - no api keys available
09-26-2023 @ 13:32:41 - Access token from cache is 
09-26-2023 @ 13:32:41 - API keys not available.
09-26-2023 @ 13:32:41 - no api keys available
09-26-2023 @ 13:33:35 - checking 0 orders
09-26-2023 @ 13:33:35 - API keys not available.
09-26-2023 @ 13:34:16 - Access token from cache is 
09-26-2023 @ 13:34:16 - API keys not available.
09-26-2023 @ 13:34:16 - no api keys available
09-26-2023 @ 13:34:16 - Access token from cache is 
09-26-2023 @ 13:34:16 - API keys not available.
09-26-2023 @ 13:34:16 - no api keys available
09-26-2023 @ 13:34:18 - Access token from cache is 
09-26-2023 @ 13:34:18 - API keys not available.
09-26-2023 @ 13:34:18 - no api keys available
09-26-2023 @ 13:34:27 - Access token from cache is 
09-26-2023 @ 13:34:27 - API keys not available.
09-26-2023 @ 13:34:27 - no api keys available
09-26-2023 @ 13:34:27 - Access token from cache is 
09-26-2023 @ 13:34:27 - API keys not available.
09-26-2023 @ 13:34:27 - no api keys available
09-26-2023 @ 13:34:27 - Access token from cache is 
09-26-2023 @ 13:34:27 - API keys not available.
09-26-2023 @ 13:34:27 - no api keys available
09-26-2023 @ 13:35:28 - checking 0 orders
09-26-2023 @ 13:35:28 - API keys not available.
09-26-2023 @ 13:35:54 - Access token from cache is 
09-26-2023 @ 13:35:54 - API keys not available.
09-26-2023 @ 13:35:54 - no api keys available
09-26-2023 @ 13:35:54 - Access token from cache is 
09-26-2023 @ 13:35:54 - API keys not available.
09-26-2023 @ 13:35:54 - no api keys available
09-26-2023 @ 13:36:09 - Access token from cache is 
09-26-2023 @ 13:36:09 - API keys not available.
09-26-2023 @ 13:36:09 - no api keys available
09-26-2023 @ 13:36:09 - Access token from cache is 
09-26-2023 @ 13:36:09 - API keys not available.
09-26-2023 @ 13:36:09 - no api keys available
09-26-2023 @ 13:36:21 - Access token from cache is 
09-26-2023 @ 13:36:21 - API keys not available.
09-26-2023 @ 13:36:21 - no api keys available
09-26-2023 @ 13:36:21 - Access token from cache is 
09-26-2023 @ 13:36:21 - API keys not available.
09-26-2023 @ 13:36:21 - no api keys available
09-26-2023 @ 13:36:22 - Access token from cache is 
09-26-2023 @ 13:36:22 - API keys not available.
09-26-2023 @ 13:36:22 - no api keys available
09-26-2023 @ 13:36:22 - Access token from cache is 
09-26-2023 @ 13:36:22 - API keys not available.
09-26-2023 @ 13:36:22 - no api keys available
09-26-2023 @ 13:36:23 - Access token from cache is 
09-26-2023 @ 13:36:23 - API keys not available.
09-26-2023 @ 13:36:23 - no api keys available
09-26-2023 @ 13:36:26 - Access token from cache is 
09-26-2023 @ 13:36:26 - API keys not available.
09-26-2023 @ 13:36:26 - no api keys available
09-26-2023 @ 13:36:26 - Access token from cache is 
09-26-2023 @ 13:36:26 - API keys not available.
09-26-2023 @ 13:36:26 - no api keys available
09-26-2023 @ 13:36:26 - Access token from cache is 
09-26-2023 @ 13:36:26 - API keys not available.
09-26-2023 @ 13:36:26 - no api keys available
09-26-2023 @ 13:36:35 - Access token from cache is 
09-26-2023 @ 13:36:35 - API keys not available.
09-26-2023 @ 13:36:35 - no api keys available
09-26-2023 @ 13:36:35 - Access token from cache is 
09-26-2023 @ 13:36:35 - API keys not available.
09-26-2023 @ 13:36:35 - no api keys available
09-26-2023 @ 13:36:44 - Access token from cache is 
09-26-2023 @ 13:36:44 - API keys not available.
09-26-2023 @ 13:36:44 - no api keys available
09-26-2023 @ 13:37:06 - Access token from cache is 
09-26-2023 @ 13:37:06 - API keys not available.
09-26-2023 @ 13:37:06 - no api keys available
09-26-2023 @ 13:37:06 - Access token from cache is 
09-26-2023 @ 13:37:06 - API keys not available.
09-26-2023 @ 13:37:06 - no api keys available
09-26-2023 @ 13:37:07 - Access token from cache is 
09-26-2023 @ 13:37:07 - API keys not available.
09-26-2023 @ 13:37:07 - no api keys available
09-26-2023 @ 13:37:07 - Access token from cache is 
09-26-2023 @ 13:37:07 - API keys not available.
09-26-2023 @ 13:37:07 - no api keys available
09-26-2023 @ 13:37:08 - Access token from cache is 
09-26-2023 @ 13:37:08 - API keys not available.
09-26-2023 @ 13:37:08 - no api keys available
09-26-2023 @ 13:37:11 - Access token from cache is 
09-26-2023 @ 13:37:11 - API keys not available.
09-26-2023 @ 13:37:11 - no api keys available
09-26-2023 @ 13:37:11 - Access token from cache is 
09-26-2023 @ 13:37:11 - API keys not available.
09-26-2023 @ 13:37:11 - no api keys available
09-26-2023 @ 13:37:11 - Access token from cache is 
09-26-2023 @ 13:37:11 - API keys not available.
09-26-2023 @ 13:37:11 - no api keys available
09-26-2023 @ 13:37:28 - checking 0 orders
09-26-2023 @ 13:37:28 - API keys not available.
09-26-2023 @ 13:40:48 - checking 0 orders
09-26-2023 @ 13:40:48 - API keys not available.
09-26-2023 @ 13:42:48 - checking 0 orders
09-26-2023 @ 13:42:48 - API keys not available.
09-26-2023 @ 13:44:49 - checking 0 orders
09-26-2023 @ 13:44:49 - API keys not available.
09-26-2023 @ 13:46:50 - checking 0 orders
09-26-2023 @ 13:46:50 - API keys not available.
09-26-2023 @ 13:48:51 - checking 0 orders
09-26-2023 @ 13:48:51 - API keys not available.
09-26-2023 @ 13:50:44 - checking 0 orders
09-26-2023 @ 13:50:44 - API keys not available.
09-26-2023 @ 13:50:45 - Access token from cache is 
09-26-2023 @ 13:50:45 - API keys not available.
09-26-2023 @ 13:50:45 - no api keys available
09-26-2023 @ 13:53:01 - checking 0 orders
09-26-2023 @ 13:53:01 - API keys not available.
09-26-2023 @ 13:55:04 - checking 0 orders
09-26-2023 @ 13:55:04 - API keys not available.
09-26-2023 @ 13:57:03 - checking 0 orders
09-26-2023 @ 13:57:03 - API keys not available.
09-26-2023 @ 13:59:04 - checking 0 orders
09-26-2023 @ 13:59:04 - API keys not available.
09-26-2023 @ 14:01:04 - checking 0 orders
09-26-2023 @ 14:01:04 - API keys not available.
09-26-2023 @ 14:03:08 - checking 0 orders
09-26-2023 @ 14:03:08 - API keys not available.
09-26-2023 @ 14:05:05 - checking 0 orders
09-26-2023 @ 14:05:05 - API keys not available.
09-26-2023 @ 14:07:06 - checking 0 orders
09-26-2023 @ 14:07:06 - API keys not available.
09-26-2023 @ 14:09:07 - checking 0 orders
09-26-2023 @ 14:09:07 - API keys not available.
09-26-2023 @ 14:11:09 - checking 0 orders
09-26-2023 @ 14:11:09 - API keys not available.
09-26-2023 @ 14:13:08 - checking 0 orders
09-26-2023 @ 14:13:08 - API keys not available.
09-26-2023 @ 14:15:10 - checking 0 orders
09-26-2023 @ 14:15:10 - API keys not available.
09-26-2023 @ 14:17:12 - checking 0 orders
09-26-2023 @ 14:17:12 - API keys not available.
09-26-2023 @ 14:19:11 - checking 0 orders
09-26-2023 @ 14:19:11 - API keys not available.
09-26-2023 @ 14:21:13 - checking 0 orders
09-26-2023 @ 14:21:13 - API keys not available.
09-26-2023 @ 14:23:14 - checking 0 orders
09-26-2023 @ 14:23:14 - API keys not available.
