09-22-2023 @ 06:09:25 - Access token from cache is 
09-22-2023 @ 06:09:25 - API keys not available.
09-22-2023 @ 06:09:25 - no api keys available
09-22-2023 @ 06:09:47 - Access token from cache is 
09-22-2023 @ 06:09:47 - API keys not available.
09-22-2023 @ 06:09:47 - no api keys available
09-22-2023 @ 06:22:20 - Access token from cache is 
09-22-2023 @ 06:22:20 - API keys not available.
09-22-2023 @ 06:22:20 - no api keys available
09-22-2023 @ 06:22:21 - checking 0 orders
09-22-2023 @ 06:22:21 - API keys not available.
09-22-2023 @ 06:22:28 - Access token from cache is 
09-22-2023 @ 06:22:28 - API keys not available.
09-22-2023 @ 06:22:28 - no api keys available
09-22-2023 @ 06:22:28 - Access token from cache is 
09-22-2023 @ 06:22:28 - API keys not available.
09-22-2023 @ 06:22:28 - no api keys available
09-22-2023 @ 06:22:35 - Access token from cache is 
09-22-2023 @ 06:22:35 - API keys not available.
09-22-2023 @ 06:22:35 - no api keys available
09-22-2023 @ 06:23:34 - checking 0 orders
09-22-2023 @ 06:23:34 - API keys not available.
09-22-2023 @ 06:25:36 - checking 0 orders
09-22-2023 @ 06:25:36 - API keys not available.
09-22-2023 @ 06:27:36 - checking 0 orders
09-22-2023 @ 06:27:36 - API keys not available.
09-22-2023 @ 06:29:37 - checking 0 orders
09-22-2023 @ 06:29:37 - API keys not available.
09-22-2023 @ 06:31:39 - checking 0 orders
09-22-2023 @ 06:31:39 - API keys not available.
09-22-2023 @ 06:32:43 - Access token from cache is 
09-22-2023 @ 06:32:43 - API keys not available.
09-22-2023 @ 06:32:43 - no api keys available
09-22-2023 @ 06:32:43 - Access token from cache is 
09-22-2023 @ 06:32:43 - API keys not available.
09-22-2023 @ 06:32:43 - no api keys available
09-22-2023 @ 06:33:41 - checking 0 orders
09-22-2023 @ 06:33:41 - API keys not available.
09-22-2023 @ 06:35:50 - checking 0 orders
09-22-2023 @ 06:35:50 - API keys not available.
09-22-2023 @ 06:37:51 - checking 0 orders
09-22-2023 @ 06:37:51 - API keys not available.
09-22-2023 @ 06:39:32 - checking 0 orders
09-22-2023 @ 06:39:32 - API keys not available.
09-22-2023 @ 06:39:32 - Access token from cache is 
09-22-2023 @ 06:39:32 - API keys not available.
09-22-2023 @ 06:39:32 - no api keys available
09-22-2023 @ 06:39:32 - Access token from cache is 
09-22-2023 @ 06:39:32 - API keys not available.
09-22-2023 @ 06:39:32 - no api keys available
09-22-2023 @ 06:39:38 - checking 0 orders
09-22-2023 @ 06:39:38 - API keys not available.
09-22-2023 @ 06:39:38 - Access token from cache is 
09-22-2023 @ 06:39:38 - API keys not available.
09-22-2023 @ 06:39:38 - no api keys available
09-22-2023 @ 06:39:38 - Access token from cache is 
09-22-2023 @ 06:39:38 - API keys not available.
09-22-2023 @ 06:39:38 - no api keys available
09-22-2023 @ 06:39:38 - Access token from cache is 
09-22-2023 @ 06:39:38 - API keys not available.
09-22-2023 @ 06:39:38 - no api keys available
09-22-2023 @ 06:39:38 - Access token from cache is 
09-22-2023 @ 06:39:38 - API keys not available.
09-22-2023 @ 06:39:38 - no api keys available
09-22-2023 @ 06:39:48 - Access token from cache is 
09-22-2023 @ 06:39:48 - API keys not available.
09-22-2023 @ 06:39:48 - no api keys available
09-22-2023 @ 06:39:48 - Access token from cache is 
09-22-2023 @ 06:39:48 - API keys not available.
09-22-2023 @ 06:39:48 - no api keys available
09-22-2023 @ 06:40:20 - Access token from cache is 
09-22-2023 @ 06:40:20 - API keys not available.
09-22-2023 @ 06:40:20 - no api keys available
09-22-2023 @ 06:40:20 - Access token from cache is 
09-22-2023 @ 06:40:20 - API keys not available.
09-22-2023 @ 06:40:20 - no api keys available
09-22-2023 @ 06:40:23 - Access token from cache is 
09-22-2023 @ 06:40:23 - API keys not available.
09-22-2023 @ 06:40:23 - no api keys available
09-22-2023 @ 06:40:23 - Access token from cache is 
09-22-2023 @ 06:40:23 - API keys not available.
09-22-2023 @ 06:40:23 - no api keys available
09-22-2023 @ 06:40:32 - Access token from cache is 
09-22-2023 @ 06:40:32 - API keys not available.
09-22-2023 @ 06:40:32 - no api keys available
09-22-2023 @ 06:40:32 - Access token from cache is 
09-22-2023 @ 06:40:32 - API keys not available.
09-22-2023 @ 06:40:32 - no api keys available
09-22-2023 @ 06:40:37 - Access token from cache is 
09-22-2023 @ 06:40:37 - API keys not available.
09-22-2023 @ 06:40:37 - no api keys available
09-22-2023 @ 06:40:38 - Access token from cache is 
09-22-2023 @ 06:40:38 - API keys not available.
09-22-2023 @ 06:40:38 - no api keys available
09-22-2023 @ 06:40:52 - Access token from cache is 
09-22-2023 @ 06:40:52 - API keys not available.
09-22-2023 @ 06:40:52 - no api keys available
09-22-2023 @ 06:40:52 - Access token from cache is 
09-22-2023 @ 06:40:52 - API keys not available.
09-22-2023 @ 06:40:52 - no api keys available
09-22-2023 @ 06:41:05 - Access token from cache is 
09-22-2023 @ 06:41:05 - API keys not available.
09-22-2023 @ 06:41:05 - no api keys available
09-22-2023 @ 06:41:05 - Access token from cache is 
09-22-2023 @ 06:41:05 - API keys not available.
09-22-2023 @ 06:41:05 - no api keys available
09-22-2023 @ 06:42:10 - checking 0 orders
09-22-2023 @ 06:42:10 - API keys not available.
09-22-2023 @ 06:42:24 - Access token from cache is 
09-22-2023 @ 06:42:24 - API keys not available.
09-22-2023 @ 06:42:24 - no api keys available
09-22-2023 @ 06:42:24 - Access token from cache is 
09-22-2023 @ 06:42:24 - API keys not available.
09-22-2023 @ 06:42:24 - no api keys available
09-22-2023 @ 06:42:25 - Access token from cache is 
09-22-2023 @ 06:42:25 - API keys not available.
09-22-2023 @ 06:42:25 - no api keys available
09-22-2023 @ 06:42:25 - Access token from cache is 
09-22-2023 @ 06:42:25 - API keys not available.
09-22-2023 @ 06:42:25 - no api keys available
09-22-2023 @ 06:42:26 - Access token from cache is 
09-22-2023 @ 06:42:26 - API keys not available.
09-22-2023 @ 06:42:26 - no api keys available
09-22-2023 @ 06:42:26 - Access token from cache is 
09-22-2023 @ 06:42:26 - API keys not available.
09-22-2023 @ 06:42:26 - no api keys available
09-22-2023 @ 06:42:33 - Access token from cache is 
09-22-2023 @ 06:42:33 - API keys not available.
09-22-2023 @ 06:42:33 - no api keys available
09-22-2023 @ 06:42:33 - Access token from cache is 
09-22-2023 @ 06:42:33 - API keys not available.
09-22-2023 @ 06:42:33 - no api keys available
09-22-2023 @ 06:42:34 - Access token from cache is 
09-22-2023 @ 06:42:34 - API keys not available.
09-22-2023 @ 06:42:34 - no api keys available
09-22-2023 @ 06:42:34 - Access token from cache is 
09-22-2023 @ 06:42:34 - API keys not available.
09-22-2023 @ 06:42:34 - no api keys available
09-22-2023 @ 06:42:34 - Access token from cache is 
09-22-2023 @ 06:42:34 - API keys not available.
09-22-2023 @ 06:42:34 - no api keys available
09-22-2023 @ 06:42:34 - Access token from cache is 
09-22-2023 @ 06:42:34 - API keys not available.
09-22-2023 @ 06:42:34 - no api keys available
09-22-2023 @ 06:42:34 - Access token from cache is 
09-22-2023 @ 06:42:34 - API keys not available.
09-22-2023 @ 06:42:34 - no api keys available
09-22-2023 @ 06:42:34 - Access token from cache is 
09-22-2023 @ 06:42:34 - API keys not available.
09-22-2023 @ 06:42:34 - no api keys available
09-22-2023 @ 06:42:34 - Access token from cache is 
09-22-2023 @ 06:42:34 - API keys not available.
09-22-2023 @ 06:42:34 - no api keys available
09-22-2023 @ 06:42:55 - Access token from cache is 
09-22-2023 @ 06:42:55 - API keys not available.
09-22-2023 @ 06:42:55 - no api keys available
09-22-2023 @ 06:42:56 - Access token from cache is 
09-22-2023 @ 06:42:56 - API keys not available.
09-22-2023 @ 06:42:56 - no api keys available
09-22-2023 @ 06:42:57 - Access token from cache is 
09-22-2023 @ 06:42:57 - API keys not available.
09-22-2023 @ 06:42:57 - no api keys available
09-22-2023 @ 06:42:57 - Access token from cache is 
09-22-2023 @ 06:42:57 - API keys not available.
09-22-2023 @ 06:42:57 - no api keys available
09-22-2023 @ 06:42:57 - Access token from cache is 
09-22-2023 @ 06:42:57 - API keys not available.
09-22-2023 @ 06:42:57 - no api keys available
09-22-2023 @ 06:42:57 - Access token from cache is 
09-22-2023 @ 06:42:57 - API keys not available.
09-22-2023 @ 06:42:57 - no api keys available
09-22-2023 @ 06:42:58 - Access token from cache is 
09-22-2023 @ 06:42:58 - API keys not available.
09-22-2023 @ 06:42:58 - no api keys available
09-22-2023 @ 06:42:58 - Access token from cache is 
09-22-2023 @ 06:42:58 - API keys not available.
09-22-2023 @ 06:42:58 - no api keys available
09-22-2023 @ 06:42:58 - Access token from cache is 
09-22-2023 @ 06:42:58 - API keys not available.
09-22-2023 @ 06:42:58 - no api keys available
09-22-2023 @ 06:42:58 - Access token from cache is 
09-22-2023 @ 06:42:58 - API keys not available.
09-22-2023 @ 06:42:58 - no api keys available
09-22-2023 @ 06:42:58 - Access token from cache is 
09-22-2023 @ 06:42:58 - API keys not available.
09-22-2023 @ 06:42:58 - no api keys available
09-22-2023 @ 06:43:01 - Access token from cache is 
09-22-2023 @ 06:43:01 - API keys not available.
09-22-2023 @ 06:43:01 - no api keys available
09-22-2023 @ 06:43:01 - Access token from cache is 
09-22-2023 @ 06:43:01 - API keys not available.
09-22-2023 @ 06:43:01 - no api keys available
09-22-2023 @ 06:43:03 - Access token from cache is 
09-22-2023 @ 06:43:03 - API keys not available.
09-22-2023 @ 06:43:03 - no api keys available
09-22-2023 @ 06:43:29 - checking 0 orders
09-22-2023 @ 06:43:29 - API keys not available.
09-22-2023 @ 06:44:52 - Access token from cache is 
09-22-2023 @ 06:44:52 - API keys not available.
09-22-2023 @ 06:44:52 - no api keys available
09-22-2023 @ 06:44:52 - Access token from cache is 
09-22-2023 @ 06:44:52 - API keys not available.
09-22-2023 @ 06:44:52 - no api keys available
09-22-2023 @ 06:44:53 - Access token from cache is 
09-22-2023 @ 06:44:53 - API keys not available.
09-22-2023 @ 06:44:53 - no api keys available
09-22-2023 @ 06:44:53 - Access token from cache is 
09-22-2023 @ 06:44:53 - API keys not available.
09-22-2023 @ 06:44:53 - no api keys available
09-22-2023 @ 06:44:53 - Access token from cache is 
09-22-2023 @ 06:44:53 - API keys not available.
09-22-2023 @ 06:44:53 - no api keys available
09-22-2023 @ 06:44:53 - Access token from cache is 
09-22-2023 @ 06:44:53 - API keys not available.
09-22-2023 @ 06:44:53 - no api keys available
09-22-2023 @ 06:44:53 - Access token from cache is 
09-22-2023 @ 06:44:53 - API keys not available.
09-22-2023 @ 06:44:53 - no api keys available
09-22-2023 @ 06:44:53 - Access token from cache is 
09-22-2023 @ 06:44:53 - API keys not available.
09-22-2023 @ 06:44:53 - no api keys available
09-22-2023 @ 06:44:53 - Access token from cache is 
09-22-2023 @ 06:44:53 - API keys not available.
09-22-2023 @ 06:44:53 - no api keys available
09-22-2023 @ 06:44:54 - Access token from cache is 
09-22-2023 @ 06:44:54 - API keys not available.
09-22-2023 @ 06:44:54 - no api keys available
09-22-2023 @ 06:44:54 - Access token from cache is 
09-22-2023 @ 06:44:54 - API keys not available.
09-22-2023 @ 06:44:54 - no api keys available
09-22-2023 @ 06:44:55 - Access token from cache is 
09-22-2023 @ 06:44:55 - API keys not available.
09-22-2023 @ 06:44:55 - no api keys available
09-22-2023 @ 06:44:55 - Access token from cache is 
09-22-2023 @ 06:44:55 - API keys not available.
09-22-2023 @ 06:44:55 - no api keys available
09-22-2023 @ 06:44:55 - Access token from cache is 
09-22-2023 @ 06:44:55 - API keys not available.
09-22-2023 @ 06:44:55 - no api keys available
09-22-2023 @ 06:44:55 - Access token from cache is 
09-22-2023 @ 06:44:55 - API keys not available.
09-22-2023 @ 06:44:55 - no api keys available
09-22-2023 @ 06:44:55 - Access token from cache is 
09-22-2023 @ 06:44:55 - API keys not available.
09-22-2023 @ 06:44:55 - no api keys available
09-22-2023 @ 06:44:55 - Access token from cache is 
09-22-2023 @ 06:44:55 - API keys not available.
09-22-2023 @ 06:44:55 - no api keys available
09-22-2023 @ 06:44:55 - Access token from cache is 
09-22-2023 @ 06:44:55 - API keys not available.
09-22-2023 @ 06:44:55 - no api keys available
09-22-2023 @ 06:45:35 - Access token from cache is 
09-22-2023 @ 06:45:35 - API keys not available.
09-22-2023 @ 06:45:35 - no api keys available
09-22-2023 @ 06:45:35 - Access token from cache is 
09-22-2023 @ 06:45:35 - API keys not available.
09-22-2023 @ 06:45:35 - no api keys available
09-22-2023 @ 06:45:36 - checking 0 orders
09-22-2023 @ 06:45:36 - API keys not available.
09-22-2023 @ 06:45:52 - Access token from cache is 
09-22-2023 @ 06:45:52 - API keys not available.
09-22-2023 @ 06:45:52 - no api keys available
09-22-2023 @ 06:45:52 - Access token from cache is 
09-22-2023 @ 06:45:52 - API keys not available.
09-22-2023 @ 06:45:52 - no api keys available
09-22-2023 @ 06:46:04 - Access token from cache is 
09-22-2023 @ 06:46:04 - API keys not available.
09-22-2023 @ 06:46:04 - no api keys available
09-22-2023 @ 06:46:04 - Access token from cache is 
09-22-2023 @ 06:46:04 - API keys not available.
09-22-2023 @ 06:46:04 - no api keys available
09-22-2023 @ 06:46:05 - Access token from cache is 
09-22-2023 @ 06:46:05 - API keys not available.
09-22-2023 @ 06:46:05 - no api keys available
09-22-2023 @ 06:46:05 - Access token from cache is 
09-22-2023 @ 06:46:05 - API keys not available.
09-22-2023 @ 06:46:05 - no api keys available
09-22-2023 @ 06:48:08 - checking 0 orders
09-22-2023 @ 06:48:08 - API keys not available.
09-22-2023 @ 06:50:08 - checking 0 orders
09-22-2023 @ 06:50:08 - API keys not available.
09-22-2023 @ 06:52:08 - checking 0 orders
09-22-2023 @ 06:52:08 - API keys not available.
09-22-2023 @ 06:53:30 - checking 0 orders
09-22-2023 @ 06:53:30 - API keys not available.
09-22-2023 @ 06:53:30 - Access token from cache is 
09-22-2023 @ 06:53:30 - API keys not available.
09-22-2023 @ 06:53:30 - no api keys available
09-22-2023 @ 06:56:10 - checking 0 orders
09-22-2023 @ 06:56:10 - API keys not available.
09-22-2023 @ 06:58:06 - checking 0 orders
09-22-2023 @ 06:58:06 - API keys not available.
09-22-2023 @ 06:58:16 - Access token from cache is 
09-22-2023 @ 06:58:16 - API keys not available.
09-22-2023 @ 06:58:16 - no api keys available
09-22-2023 @ 06:58:16 - Access token from cache is 
09-22-2023 @ 06:58:16 - API keys not available.
09-22-2023 @ 06:58:16 - no api keys available
09-22-2023 @ 06:58:34 - Access token from cache is 
09-22-2023 @ 06:58:34 - API keys not available.
09-22-2023 @ 06:58:34 - no api keys available
09-22-2023 @ 06:58:38 - Access token from cache is 
09-22-2023 @ 06:58:38 - API keys not available.
09-22-2023 @ 06:58:38 - no api keys available
09-22-2023 @ 06:58:38 - Access token from cache is 
09-22-2023 @ 06:58:38 - API keys not available.
09-22-2023 @ 06:58:38 - no api keys available
09-22-2023 @ 06:59:31 - checking 0 orders
09-22-2023 @ 06:59:31 - API keys not available.
09-22-2023 @ 07:00:31 - Access token from cache is 
09-22-2023 @ 07:00:31 - API keys not available.
09-22-2023 @ 07:00:31 - no api keys available
09-22-2023 @ 07:00:39 - Access token from cache is 
09-22-2023 @ 07:00:39 - API keys not available.
09-22-2023 @ 07:00:39 - no api keys available
09-22-2023 @ 07:00:44 - Access token from cache is 
09-22-2023 @ 07:00:44 - API keys not available.
09-22-2023 @ 07:00:44 - no api keys available
09-22-2023 @ 07:00:44 - Access token from cache is 
09-22-2023 @ 07:00:44 - API keys not available.
09-22-2023 @ 07:00:44 - no api keys available
09-22-2023 @ 07:00:44 - Access token from cache is 
09-22-2023 @ 07:00:44 - API keys not available.
09-22-2023 @ 07:00:44 - no api keys available
09-22-2023 @ 07:01:20 - Access token from cache is 
09-22-2023 @ 07:01:20 - API keys not available.
09-22-2023 @ 07:01:20 - no api keys available
09-22-2023 @ 07:01:20 - Access token from cache is 
09-22-2023 @ 07:01:20 - API keys not available.
09-22-2023 @ 07:01:20 - no api keys available
09-22-2023 @ 07:01:20 - Access token from cache is 
09-22-2023 @ 07:01:20 - API keys not available.
09-22-2023 @ 07:01:20 - no api keys available
09-22-2023 @ 07:01:20 - Access token from cache is 
09-22-2023 @ 07:01:20 - API keys not available.
09-22-2023 @ 07:01:20 - no api keys available
09-22-2023 @ 07:01:20 - Access token from cache is 
09-22-2023 @ 07:01:20 - API keys not available.
09-22-2023 @ 07:01:20 - no api keys available
09-22-2023 @ 07:01:20 - Access token from cache is 
09-22-2023 @ 07:01:20 - API keys not available.
09-22-2023 @ 07:01:20 - no api keys available
09-22-2023 @ 07:01:20 - Access token from cache is 
09-22-2023 @ 07:01:20 - API keys not available.
09-22-2023 @ 07:01:20 - no api keys available
09-22-2023 @ 07:01:20 - Access token from cache is 
09-22-2023 @ 07:01:20 - API keys not available.
09-22-2023 @ 07:01:20 - no api keys available
09-22-2023 @ 07:01:21 - Access token from cache is 
09-22-2023 @ 07:01:21 - API keys not available.
09-22-2023 @ 07:01:21 - no api keys available
09-22-2023 @ 07:01:28 - checking 0 orders
09-22-2023 @ 07:01:28 - API keys not available.
09-22-2023 @ 07:01:51 - Access token from cache is 
09-22-2023 @ 07:01:51 - API keys not available.
09-22-2023 @ 07:01:51 - no api keys available
09-22-2023 @ 07:01:51 - Access token from cache is 
09-22-2023 @ 07:01:51 - API keys not available.
09-22-2023 @ 07:01:51 - no api keys available
09-22-2023 @ 07:01:52 - Access token from cache is 
09-22-2023 @ 07:01:52 - API keys not available.
09-22-2023 @ 07:01:52 - no api keys available
09-22-2023 @ 07:01:52 - Access token from cache is 
09-22-2023 @ 07:01:52 - API keys not available.
09-22-2023 @ 07:01:52 - no api keys available
09-22-2023 @ 07:01:52 - Access token from cache is 
09-22-2023 @ 07:01:52 - API keys not available.
09-22-2023 @ 07:01:52 - no api keys available
09-22-2023 @ 07:01:52 - Access token from cache is 
09-22-2023 @ 07:01:52 - API keys not available.
09-22-2023 @ 07:01:52 - no api keys available
09-22-2023 @ 07:01:52 - Access token from cache is 
09-22-2023 @ 07:01:52 - API keys not available.
09-22-2023 @ 07:01:52 - no api keys available
09-22-2023 @ 07:01:52 - Access token from cache is 
09-22-2023 @ 07:01:52 - API keys not available.
09-22-2023 @ 07:01:52 - no api keys available
09-22-2023 @ 07:01:52 - Access token from cache is 
09-22-2023 @ 07:01:52 - API keys not available.
09-22-2023 @ 07:01:52 - no api keys available
09-22-2023 @ 07:01:52 - Access token from cache is 
09-22-2023 @ 07:01:52 - API keys not available.
09-22-2023 @ 07:01:52 - no api keys available
09-22-2023 @ 07:01:53 - Access token from cache is 
09-22-2023 @ 07:01:53 - API keys not available.
09-22-2023 @ 07:01:53 - no api keys available
09-22-2023 @ 07:01:54 - Access token from cache is 
09-22-2023 @ 07:01:54 - API keys not available.
09-22-2023 @ 07:01:54 - no api keys available
09-22-2023 @ 07:01:54 - Access token from cache is 
09-22-2023 @ 07:01:54 - API keys not available.
09-22-2023 @ 07:01:54 - no api keys available
09-22-2023 @ 07:01:56 - Access token from cache is 
09-22-2023 @ 07:01:56 - API keys not available.
09-22-2023 @ 07:01:56 - no api keys available
09-22-2023 @ 07:05:14 - checking 0 orders
09-22-2023 @ 07:05:14 - API keys not available.
09-22-2023 @ 07:07:14 - checking 0 orders
09-22-2023 @ 07:07:14 - API keys not available.
09-22-2023 @ 07:09:17 - checking 0 orders
09-22-2023 @ 07:09:17 - API keys not available.
09-22-2023 @ 07:09:51 - checking 0 orders
09-22-2023 @ 07:09:51 - API keys not available.
09-22-2023 @ 07:09:57 - Access token from cache is 
09-22-2023 @ 07:09:57 - API keys not available.
09-22-2023 @ 07:09:57 - no api keys available
09-22-2023 @ 07:10:04 - Access token from cache is 
09-22-2023 @ 07:10:04 - API keys not available.
09-22-2023 @ 07:10:04 - no api keys available
09-22-2023 @ 07:10:04 - Access token from cache is 
09-22-2023 @ 07:10:04 - API keys not available.
09-22-2023 @ 07:10:04 - no api keys available
09-22-2023 @ 07:10:45 - Access token from cache is 
09-22-2023 @ 07:10:45 - API keys not available.
09-22-2023 @ 07:10:45 - no api keys available
09-22-2023 @ 07:10:45 - Access token from cache is 
09-22-2023 @ 07:10:45 - API keys not available.
09-22-2023 @ 07:10:45 - no api keys available
09-22-2023 @ 07:10:48 - Access token from cache is 
09-22-2023 @ 07:10:48 - API keys not available.
09-22-2023 @ 07:10:48 - no api keys available
09-22-2023 @ 07:10:48 - Access token from cache is 
09-22-2023 @ 07:10:48 - API keys not available.
09-22-2023 @ 07:10:48 - no api keys available
09-22-2023 @ 07:11:31 - checking 0 orders
09-22-2023 @ 07:11:31 - API keys not available.
09-22-2023 @ 07:12:02 - Access token from cache is 
09-22-2023 @ 07:12:02 - API keys not available.
09-22-2023 @ 07:12:02 - no api keys available
09-22-2023 @ 07:12:02 - Access token from cache is 
09-22-2023 @ 07:12:02 - API keys not available.
09-22-2023 @ 07:12:02 - no api keys available
09-22-2023 @ 07:13:16 - Access token from cache is 
09-22-2023 @ 07:13:16 - API keys not available.
09-22-2023 @ 07:13:16 - no api keys available
09-22-2023 @ 07:13:16 - Access token from cache is 
09-22-2023 @ 07:13:16 - API keys not available.
09-22-2023 @ 07:13:16 - no api keys available
09-22-2023 @ 07:13:19 - Access token from cache is 
09-22-2023 @ 07:13:19 - API keys not available.
09-22-2023 @ 07:13:19 - no api keys available
09-22-2023 @ 07:13:32 - checking 0 orders
09-22-2023 @ 07:13:32 - API keys not available.
09-22-2023 @ 07:15:35 - checking 0 orders
09-22-2023 @ 07:15:35 - API keys not available.
09-22-2023 @ 07:16:32 - Access token from cache is 
09-22-2023 @ 07:16:32 - API keys not available.
09-22-2023 @ 07:16:32 - no api keys available
09-22-2023 @ 07:16:32 - Access token from cache is 
09-22-2023 @ 07:16:32 - API keys not available.
09-22-2023 @ 07:16:32 - no api keys available
09-22-2023 @ 07:16:40 - Access token from cache is 
09-22-2023 @ 07:16:40 - API keys not available.
09-22-2023 @ 07:16:40 - no api keys available
09-22-2023 @ 07:17:30 - checking 0 orders
09-22-2023 @ 07:17:30 - API keys not available.
09-22-2023 @ 07:17:32 - Access token from cache is 
09-22-2023 @ 07:17:32 - API keys not available.
09-22-2023 @ 07:17:32 - no api keys available
09-22-2023 @ 07:17:33 - Access token from cache is 
09-22-2023 @ 07:17:33 - API keys not available.
09-22-2023 @ 07:17:33 - no api keys available
09-22-2023 @ 07:17:33 - Access token from cache is 
09-22-2023 @ 07:17:33 - API keys not available.
09-22-2023 @ 07:17:33 - no api keys available
09-22-2023 @ 07:17:56 - Access token from cache is 
09-22-2023 @ 07:17:56 - API keys not available.
09-22-2023 @ 07:17:56 - no api keys available
09-22-2023 @ 07:18:01 - Access token from cache is 
09-22-2023 @ 07:18:01 - API keys not available.
09-22-2023 @ 07:18:01 - no api keys available
09-22-2023 @ 07:18:01 - Access token from cache is 
09-22-2023 @ 07:18:01 - API keys not available.
09-22-2023 @ 07:18:01 - no api keys available
09-22-2023 @ 07:18:05 - Access token from cache is 
09-22-2023 @ 07:18:05 - API keys not available.
09-22-2023 @ 07:18:05 - no api keys available
09-22-2023 @ 07:18:05 - Access token from cache is 
09-22-2023 @ 07:18:05 - API keys not available.
09-22-2023 @ 07:18:05 - no api keys available
09-22-2023 @ 07:18:06 - Access token from cache is 
09-22-2023 @ 07:18:06 - API keys not available.
09-22-2023 @ 07:18:06 - no api keys available
09-22-2023 @ 07:18:08 - Access token from cache is 
09-22-2023 @ 07:18:08 - API keys not available.
09-22-2023 @ 07:18:08 - no api keys available
09-22-2023 @ 07:18:08 - Access token from cache is 
09-22-2023 @ 07:18:08 - API keys not available.
09-22-2023 @ 07:18:08 - no api keys available
09-22-2023 @ 07:18:08 - Access token from cache is 
09-22-2023 @ 07:18:08 - API keys not available.
09-22-2023 @ 07:18:08 - no api keys available
09-22-2023 @ 07:18:31 - Access token from cache is 
09-22-2023 @ 07:18:31 - API keys not available.
09-22-2023 @ 07:18:31 - no api keys available
09-22-2023 @ 07:20:30 - checking 0 orders
09-22-2023 @ 07:20:30 - API keys not available.
09-22-2023 @ 07:22:30 - checking 0 orders
09-22-2023 @ 07:22:30 - API keys not available.
09-22-2023 @ 07:24:32 - checking 0 orders
09-22-2023 @ 07:24:32 - API keys not available.
09-22-2023 @ 07:26:33 - checking 0 orders
09-22-2023 @ 07:26:33 - API keys not available.
09-22-2023 @ 07:28:33 - checking 0 orders
09-22-2023 @ 07:28:33 - API keys not available.
09-22-2023 @ 07:30:23 - checking 0 orders
09-22-2023 @ 07:30:23 - API keys not available.
09-22-2023 @ 07:30:40 - Access token from cache is 
09-22-2023 @ 07:30:40 - API keys not available.
09-22-2023 @ 07:30:40 - no api keys available
09-22-2023 @ 07:30:40 - Access token from cache is 
09-22-2023 @ 07:30:40 - API keys not available.
09-22-2023 @ 07:30:40 - no api keys available
09-22-2023 @ 07:30:40 - Access token from cache is 
09-22-2023 @ 07:30:40 - API keys not available.
09-22-2023 @ 07:30:40 - no api keys available
09-22-2023 @ 07:30:40 - Access token from cache is 
09-22-2023 @ 07:30:40 - API keys not available.
09-22-2023 @ 07:30:40 - no api keys available
09-22-2023 @ 07:30:40 - Access token from cache is 
09-22-2023 @ 07:30:40 - API keys not available.
09-22-2023 @ 07:30:40 - no api keys available
09-22-2023 @ 07:30:40 - Access token from cache is 
09-22-2023 @ 07:30:40 - API keys not available.
09-22-2023 @ 07:30:40 - no api keys available
09-22-2023 @ 07:30:40 - Access token from cache is 
09-22-2023 @ 07:30:40 - API keys not available.
09-22-2023 @ 07:30:40 - no api keys available
09-22-2023 @ 07:30:40 - Access token from cache is 
09-22-2023 @ 07:30:41 - API keys not available.
09-22-2023 @ 07:30:41 - no api keys available
09-22-2023 @ 07:30:41 - Access token from cache is 
09-22-2023 @ 07:30:41 - API keys not available.
09-22-2023 @ 07:30:41 - no api keys available
09-22-2023 @ 07:30:48 - Access token from cache is 
09-22-2023 @ 07:30:48 - API keys not available.
09-22-2023 @ 07:30:48 - no api keys available
09-22-2023 @ 07:30:48 - Access token from cache is 
09-22-2023 @ 07:30:48 - API keys not available.
09-22-2023 @ 07:30:48 - no api keys available
09-22-2023 @ 07:30:56 - Access token from cache is 
09-22-2023 @ 07:30:56 - API keys not available.
09-22-2023 @ 07:30:56 - no api keys available
09-22-2023 @ 07:30:56 - Access token from cache is 
09-22-2023 @ 07:30:56 - API keys not available.
09-22-2023 @ 07:30:56 - no api keys available
09-22-2023 @ 07:31:02 - Access token from cache is 
09-22-2023 @ 07:31:02 - API keys not available.
09-22-2023 @ 07:31:02 - no api keys available
09-22-2023 @ 07:31:02 - Access token from cache is 
09-22-2023 @ 07:31:02 - API keys not available.
09-22-2023 @ 07:31:02 - no api keys available
09-22-2023 @ 07:32:05 - checking 0 orders
09-22-2023 @ 07:32:05 - API keys not available.
09-22-2023 @ 07:32:49 - Access token from cache is 
09-22-2023 @ 07:32:49 - API keys not available.
09-22-2023 @ 07:32:49 - no api keys available
09-22-2023 @ 07:35:04 - checking 0 orders
09-22-2023 @ 07:35:04 - API keys not available.
09-22-2023 @ 07:37:05 - checking 0 orders
09-22-2023 @ 07:37:05 - API keys not available.
09-22-2023 @ 07:38:55 - checking 0 orders
09-22-2023 @ 07:38:55 - API keys not available.
09-22-2023 @ 07:38:55 - Access token from cache is 
09-22-2023 @ 07:38:55 - API keys not available.
09-22-2023 @ 07:38:55 - no api keys available
09-22-2023 @ 07:38:55 - Access token from cache is 
09-22-2023 @ 07:38:55 - API keys not available.
09-22-2023 @ 07:38:55 - no api keys available
09-22-2023 @ 07:39:11 - Access token from cache is 
09-22-2023 @ 07:39:11 - API keys not available.
09-22-2023 @ 07:39:11 - no api keys available
09-22-2023 @ 07:39:11 - Access token from cache is 
09-22-2023 @ 07:39:11 - API keys not available.
09-22-2023 @ 07:39:11 - no api keys available
09-22-2023 @ 07:39:15 - Access token from cache is 
09-22-2023 @ 07:39:15 - API keys not available.
09-22-2023 @ 07:39:15 - no api keys available
09-22-2023 @ 07:39:15 - Access token from cache is 
09-22-2023 @ 07:39:15 - API keys not available.
09-22-2023 @ 07:39:15 - no api keys available
09-22-2023 @ 07:39:19 - Access token from cache is 
09-22-2023 @ 07:39:19 - API keys not available.
09-22-2023 @ 07:39:19 - no api keys available
09-22-2023 @ 07:39:19 - Access token from cache is 
09-22-2023 @ 07:39:19 - API keys not available.
09-22-2023 @ 07:39:19 - no api keys available
09-22-2023 @ 07:39:23 - Access token from cache is 
09-22-2023 @ 07:39:23 - API keys not available.
09-22-2023 @ 07:39:23 - no api keys available
09-22-2023 @ 07:39:23 - Access token from cache is 
09-22-2023 @ 07:39:23 - API keys not available.
09-22-2023 @ 07:39:23 - no api keys available
09-22-2023 @ 07:39:43 - checking 0 orders
09-22-2023 @ 07:39:43 - API keys not available.
09-22-2023 @ 07:39:43 - Access token from cache is 
09-22-2023 @ 07:39:43 - API keys not available.
09-22-2023 @ 07:39:43 - no api keys available
09-22-2023 @ 07:39:56 - Access token from cache is 
09-22-2023 @ 07:39:56 - API keys not available.
09-22-2023 @ 07:39:56 - no api keys available
09-22-2023 @ 07:39:56 - Access token from cache is 
09-22-2023 @ 07:39:56 - API keys not available.
09-22-2023 @ 07:39:56 - no api keys available
09-22-2023 @ 07:39:56 - Access token from cache is 
09-22-2023 @ 07:39:56 - API keys not available.
09-22-2023 @ 07:39:56 - no api keys available
09-22-2023 @ 07:39:56 - Access token from cache is 
09-22-2023 @ 07:39:56 - API keys not available.
09-22-2023 @ 07:39:56 - no api keys available
09-22-2023 @ 07:40:01 - Access token from cache is 
09-22-2023 @ 07:40:01 - API keys not available.
09-22-2023 @ 07:40:01 - no api keys available
09-22-2023 @ 07:40:01 - Access token from cache is 
09-22-2023 @ 07:40:01 - API keys not available.
09-22-2023 @ 07:40:01 - no api keys available
09-22-2023 @ 07:40:01 - Access token from cache is 
09-22-2023 @ 07:40:01 - API keys not available.
09-22-2023 @ 07:40:01 - no api keys available
09-22-2023 @ 07:40:01 - Access token from cache is 
09-22-2023 @ 07:40:01 - API keys not available.
09-22-2023 @ 07:40:01 - no api keys available
09-22-2023 @ 07:40:01 - Access token from cache is 
09-22-2023 @ 07:40:01 - API keys not available.
09-22-2023 @ 07:40:01 - no api keys available
09-22-2023 @ 07:40:03 - Access token from cache is 
09-22-2023 @ 07:40:03 - API keys not available.
09-22-2023 @ 07:40:03 - no api keys available
09-22-2023 @ 07:40:38 - Access token from cache is 
09-22-2023 @ 07:40:38 - API keys not available.
09-22-2023 @ 07:40:38 - no api keys available
09-22-2023 @ 07:40:41 - Access token from cache is 
09-22-2023 @ 07:40:42 - API keys not available.
09-22-2023 @ 07:40:42 - no api keys available
09-22-2023 @ 07:41:09 - Access token from cache is 
09-22-2023 @ 07:41:09 - API keys not available.
09-22-2023 @ 07:41:09 - no api keys available
09-22-2023 @ 07:41:09 - Access token from cache is 
09-22-2023 @ 07:41:09 - API keys not available.
09-22-2023 @ 07:41:09 - no api keys available
09-22-2023 @ 07:41:10 - Access token from cache is 
09-22-2023 @ 07:41:10 - API keys not available.
09-22-2023 @ 07:41:10 - no api keys available
09-22-2023 @ 07:41:24 - Access token from cache is 
09-22-2023 @ 07:41:24 - API keys not available.
09-22-2023 @ 07:41:24 - no api keys available
09-22-2023 @ 07:41:28 - checking 0 orders
09-22-2023 @ 07:41:28 - API keys not available.
09-22-2023 @ 07:41:49 - Access token from cache is 
09-22-2023 @ 07:41:49 - API keys not available.
09-22-2023 @ 07:41:49 - no api keys available
09-22-2023 @ 07:41:55 - Access token from cache is 
09-22-2023 @ 07:41:55 - API keys not available.
09-22-2023 @ 07:41:55 - no api keys available
09-22-2023 @ 07:41:55 - Access token from cache is 
09-22-2023 @ 07:41:55 - API keys not available.
09-22-2023 @ 07:41:55 - no api keys available
09-22-2023 @ 07:42:00 - Access token from cache is 
09-22-2023 @ 07:42:00 - API keys not available.
09-22-2023 @ 07:42:00 - no api keys available
09-22-2023 @ 07:42:00 - Access token from cache is 
09-22-2023 @ 07:42:00 - API keys not available.
09-22-2023 @ 07:42:00 - no api keys available
09-22-2023 @ 07:42:05 - Access token from cache is 
09-22-2023 @ 07:42:05 - API keys not available.
09-22-2023 @ 07:42:05 - no api keys available
09-22-2023 @ 07:42:05 - Access token from cache is 
09-22-2023 @ 07:42:05 - API keys not available.
09-22-2023 @ 07:42:05 - no api keys available
09-22-2023 @ 07:42:34 - Access token from cache is 
09-22-2023 @ 07:42:34 - API keys not available.
09-22-2023 @ 07:42:34 - no api keys available
09-22-2023 @ 07:42:42 - Access token from cache is 
09-22-2023 @ 07:42:42 - API keys not available.
09-22-2023 @ 07:42:42 - no api keys available
09-22-2023 @ 07:42:47 - Access token from cache is 
09-22-2023 @ 07:42:47 - API keys not available.
09-22-2023 @ 07:42:47 - no api keys available
09-22-2023 @ 07:43:12 - Access token from cache is 
09-22-2023 @ 07:43:12 - API keys not available.
09-22-2023 @ 07:43:12 - no api keys available
09-22-2023 @ 07:43:12 - Access token from cache is 
09-22-2023 @ 07:43:12 - API keys not available.
09-22-2023 @ 07:43:12 - no api keys available
09-22-2023 @ 07:43:27 - checking 0 orders
09-22-2023 @ 07:43:27 - API keys not available.
09-22-2023 @ 07:43:27 - Access token from cache is 
09-22-2023 @ 07:43:27 - API keys not available.
09-22-2023 @ 07:43:27 - no api keys available
09-22-2023 @ 07:43:27 - Access token from cache is 
09-22-2023 @ 07:43:27 - API keys not available.
09-22-2023 @ 07:43:27 - no api keys available
09-22-2023 @ 07:43:35 - Access token from cache is 
09-22-2023 @ 07:43:35 - API keys not available.
09-22-2023 @ 07:43:35 - no api keys available
09-22-2023 @ 07:43:35 - Access token from cache is 
09-22-2023 @ 07:43:35 - API keys not available.
09-22-2023 @ 07:43:35 - no api keys available
09-22-2023 @ 07:43:49 - Access token from cache is 
09-22-2023 @ 07:43:49 - API keys not available.
09-22-2023 @ 07:43:49 - no api keys available
09-22-2023 @ 07:43:49 - Access token from cache is 
09-22-2023 @ 07:43:49 - API keys not available.
09-22-2023 @ 07:43:49 - no api keys available
09-22-2023 @ 07:45:08 - Access token from cache is 
09-22-2023 @ 07:45:08 - API keys not available.
09-22-2023 @ 07:45:08 - no api keys available
09-22-2023 @ 07:45:08 - Access token from cache is 
09-22-2023 @ 07:45:08 - API keys not available.
09-22-2023 @ 07:45:08 - no api keys available
09-22-2023 @ 07:45:09 - Access token from cache is 
09-22-2023 @ 07:45:09 - API keys not available.
09-22-2023 @ 07:45:09 - no api keys available
09-22-2023 @ 07:45:09 - Access token from cache is 
09-22-2023 @ 07:45:09 - API keys not available.
09-22-2023 @ 07:45:09 - no api keys available
09-22-2023 @ 07:45:15 - Access token from cache is 
09-22-2023 @ 07:45:15 - API keys not available.
09-22-2023 @ 07:45:15 - no api keys available
09-22-2023 @ 07:45:15 - Access token from cache is 
09-22-2023 @ 07:45:15 - API keys not available.
09-22-2023 @ 07:45:15 - no api keys available
09-22-2023 @ 07:45:33 - checking 0 orders
09-22-2023 @ 07:45:33 - API keys not available.
09-22-2023 @ 07:45:33 - Access token from cache is 
09-22-2023 @ 07:45:33 - API keys not available.
09-22-2023 @ 07:45:33 - no api keys available
09-22-2023 @ 07:45:41 - Access token from cache is 
09-22-2023 @ 07:45:41 - API keys not available.
09-22-2023 @ 07:45:41 - no api keys available
09-22-2023 @ 07:46:14 - Access token from cache is 
09-22-2023 @ 07:46:14 - API keys not available.
09-22-2023 @ 07:46:14 - no api keys available
09-22-2023 @ 07:46:34 - Access token from cache is 
09-22-2023 @ 07:46:34 - API keys not available.
09-22-2023 @ 07:46:34 - no api keys available
09-22-2023 @ 07:46:34 - Access token from cache is 
09-22-2023 @ 07:46:34 - API keys not available.
09-22-2023 @ 07:46:34 - no api keys available
09-22-2023 @ 07:46:41 - Access token from cache is 
09-22-2023 @ 07:46:41 - API keys not available.
09-22-2023 @ 07:46:41 - no api keys available
09-22-2023 @ 07:46:41 - Access token from cache is 
09-22-2023 @ 07:46:41 - API keys not available.
09-22-2023 @ 07:46:41 - no api keys available
09-22-2023 @ 07:46:45 - Access token from cache is 
09-22-2023 @ 07:46:45 - API keys not available.
09-22-2023 @ 07:46:45 - no api keys available
09-22-2023 @ 07:46:45 - Access token from cache is 
09-22-2023 @ 07:46:45 - API keys not available.
09-22-2023 @ 07:46:45 - no api keys available
09-22-2023 @ 07:46:52 - Access token from cache is 
09-22-2023 @ 07:46:52 - API keys not available.
09-22-2023 @ 07:46:52 - no api keys available
09-22-2023 @ 07:46:52 - Access token from cache is 
09-22-2023 @ 07:46:52 - API keys not available.
09-22-2023 @ 07:46:52 - no api keys available
09-22-2023 @ 07:47:46 - checking 0 orders
09-22-2023 @ 07:47:46 - API keys not available.
09-22-2023 @ 07:47:46 - Access token from cache is 
09-22-2023 @ 07:47:46 - API keys not available.
09-22-2023 @ 07:47:46 - no api keys available
09-22-2023 @ 07:47:46 - Access token from cache is 
09-22-2023 @ 07:47:46 - API keys not available.
09-22-2023 @ 07:47:46 - no api keys available
09-22-2023 @ 07:47:47 - Access token from cache is 
09-22-2023 @ 07:47:47 - API keys not available.
09-22-2023 @ 07:47:47 - no api keys available
09-22-2023 @ 07:47:47 - Access token from cache is 
09-22-2023 @ 07:47:47 - API keys not available.
09-22-2023 @ 07:47:47 - no api keys available
09-22-2023 @ 07:48:09 - Access token from cache is 
09-22-2023 @ 07:48:09 - API keys not available.
09-22-2023 @ 07:48:09 - no api keys available
09-22-2023 @ 07:48:09 - Access token from cache is 
09-22-2023 @ 07:48:09 - API keys not available.
09-22-2023 @ 07:48:09 - no api keys available
09-22-2023 @ 07:48:29 - Access token from cache is 
09-22-2023 @ 07:48:29 - API keys not available.
09-22-2023 @ 07:48:29 - no api keys available
09-22-2023 @ 07:48:38 - Access token from cache is 
09-22-2023 @ 07:48:38 - API keys not available.
09-22-2023 @ 07:48:38 - no api keys available
09-22-2023 @ 07:48:38 - Access token from cache is 
09-22-2023 @ 07:48:38 - API keys not available.
09-22-2023 @ 07:48:38 - no api keys available
09-22-2023 @ 07:48:43 - Access token from cache is 
09-22-2023 @ 07:48:43 - API keys not available.
09-22-2023 @ 07:48:43 - no api keys available
09-22-2023 @ 07:48:43 - Access token from cache is 
09-22-2023 @ 07:48:43 - API keys not available.
09-22-2023 @ 07:48:43 - no api keys available
09-22-2023 @ 07:48:52 - Access token from cache is 
09-22-2023 @ 07:48:52 - API keys not available.
09-22-2023 @ 07:48:52 - no api keys available
09-22-2023 @ 07:48:52 - Access token from cache is 
09-22-2023 @ 07:48:52 - API keys not available.
09-22-2023 @ 07:48:52 - no api keys available
09-22-2023 @ 07:50:16 - checking 0 orders
09-22-2023 @ 07:50:16 - API keys not available.
09-22-2023 @ 07:50:16 - Access token from cache is 
09-22-2023 @ 07:50:16 - API keys not available.
09-22-2023 @ 07:50:16 - no api keys available
09-22-2023 @ 07:50:16 - Access token from cache is 
09-22-2023 @ 07:50:16 - API keys not available.
09-22-2023 @ 07:50:16 - no api keys available
09-22-2023 @ 07:50:20 - Access token from cache is 
09-22-2023 @ 07:50:20 - API keys not available.
09-22-2023 @ 07:50:20 - no api keys available
09-22-2023 @ 07:50:20 - Access token from cache is 
09-22-2023 @ 07:50:20 - API keys not available.
09-22-2023 @ 07:50:20 - no api keys available
09-22-2023 @ 07:50:20 - Access token from cache is 
09-22-2023 @ 07:50:20 - API keys not available.
09-22-2023 @ 07:50:20 - no api keys available
09-22-2023 @ 07:50:24 - Access token from cache is 
09-22-2023 @ 07:50:24 - API keys not available.
09-22-2023 @ 07:50:24 - no api keys available
09-22-2023 @ 07:50:24 - Access token from cache is 
09-22-2023 @ 07:50:24 - API keys not available.
09-22-2023 @ 07:50:24 - no api keys available
09-22-2023 @ 07:50:24 - Access token from cache is 
09-22-2023 @ 07:50:24 - API keys not available.
09-22-2023 @ 07:50:24 - no api keys available
09-22-2023 @ 07:50:43 - Access token from cache is 
09-22-2023 @ 07:50:43 - API keys not available.
09-22-2023 @ 07:50:43 - no api keys available
09-22-2023 @ 07:50:48 - Access token from cache is 
09-22-2023 @ 07:50:48 - API keys not available.
09-22-2023 @ 07:50:48 - no api keys available
09-22-2023 @ 07:50:58 - Access token from cache is 
09-22-2023 @ 07:50:58 - API keys not available.
09-22-2023 @ 07:50:58 - no api keys available
09-22-2023 @ 07:50:58 - Access token from cache is 
09-22-2023 @ 07:50:58 - API keys not available.
09-22-2023 @ 07:50:58 - no api keys available
09-22-2023 @ 07:50:58 - Access token from cache is 
09-22-2023 @ 07:50:58 - API keys not available.
09-22-2023 @ 07:50:58 - no api keys available
09-22-2023 @ 07:50:58 - Access token from cache is 
09-22-2023 @ 07:50:58 - API keys not available.
09-22-2023 @ 07:50:58 - no api keys available
09-22-2023 @ 07:50:58 - Access token from cache is 
09-22-2023 @ 07:50:58 - API keys not available.
09-22-2023 @ 07:50:58 - no api keys available
09-22-2023 @ 07:51:00 - Access token from cache is 
09-22-2023 @ 07:51:00 - API keys not available.
09-22-2023 @ 07:51:00 - no api keys available
09-22-2023 @ 07:51:09 - Access token from cache is 
09-22-2023 @ 07:51:09 - API keys not available.
09-22-2023 @ 07:51:09 - no api keys available
09-22-2023 @ 07:51:38 - checking 0 orders
09-22-2023 @ 07:51:38 - API keys not available.
09-22-2023 @ 07:51:38 - Access token from cache is 
09-22-2023 @ 07:51:38 - API keys not available.
09-22-2023 @ 07:51:38 - no api keys available
09-22-2023 @ 07:52:14 - Access token from cache is 
09-22-2023 @ 07:52:14 - API keys not available.
09-22-2023 @ 07:52:14 - no api keys available
09-22-2023 @ 07:52:15 - Access token from cache is 
09-22-2023 @ 07:52:15 - API keys not available.
09-22-2023 @ 07:52:15 - no api keys available
09-22-2023 @ 07:52:15 - Access token from cache is 
09-22-2023 @ 07:52:15 - API keys not available.
09-22-2023 @ 07:52:15 - no api keys available
09-22-2023 @ 07:52:23 - Access token from cache is 
09-22-2023 @ 07:52:23 - API keys not available.
09-22-2023 @ 07:52:23 - no api keys available
09-22-2023 @ 07:52:32 - Access token from cache is 
09-22-2023 @ 07:52:32 - API keys not available.
09-22-2023 @ 07:52:32 - no api keys available
09-22-2023 @ 07:52:55 - Access token from cache is 
09-22-2023 @ 07:52:55 - API keys not available.
09-22-2023 @ 07:52:55 - no api keys available
09-22-2023 @ 07:52:55 - Access token from cache is 
09-22-2023 @ 07:52:55 - API keys not available.
09-22-2023 @ 07:52:55 - no api keys available
09-22-2023 @ 07:52:59 - Access token from cache is 
09-22-2023 @ 07:52:59 - API keys not available.
09-22-2023 @ 07:52:59 - no api keys available
09-22-2023 @ 07:52:59 - Access token from cache is 
09-22-2023 @ 07:52:59 - API keys not available.
09-22-2023 @ 07:52:59 - no api keys available
09-22-2023 @ 10:23:32 - Access token from cache is 
09-22-2023 @ 10:23:32 - API keys not available.
09-22-2023 @ 10:23:32 - no api keys available
09-22-2023 @ 10:23:32 - Access token from cache is 
09-22-2023 @ 10:23:32 - API keys not available.
09-22-2023 @ 10:23:32 - no api keys available
09-22-2023 @ 10:23:32 - Access token from cache is 
09-22-2023 @ 10:23:32 - API keys not available.
09-22-2023 @ 10:23:32 - no api keys available
09-22-2023 @ 10:23:32 - checking 0 orders
09-22-2023 @ 10:23:32 - API keys not available.
09-22-2023 @ 10:23:33 - Access token from cache is 
09-22-2023 @ 10:23:33 - API keys not available.
09-22-2023 @ 10:23:33 - no api keys available
09-22-2023 @ 10:23:33 - Access token from cache is 
09-22-2023 @ 10:23:33 - API keys not available.
09-22-2023 @ 10:23:33 - no api keys available
09-22-2023 @ 10:23:37 - Access token from cache is 
09-22-2023 @ 10:23:37 - API keys not available.
09-22-2023 @ 10:23:37 - no api keys available
09-22-2023 @ 10:23:56 - Access token from cache is 
09-22-2023 @ 10:23:56 - API keys not available.
09-22-2023 @ 10:23:56 - no api keys available
09-22-2023 @ 10:24:24 - Access token from cache is 
09-22-2023 @ 10:24:24 - API keys not available.
09-22-2023 @ 10:24:24 - no api keys available
09-22-2023 @ 10:25:00 - Access token from cache is 
09-22-2023 @ 10:25:00 - API keys not available.
09-22-2023 @ 10:25:00 - no api keys available
09-22-2023 @ 10:25:00 - Access token from cache is 
09-22-2023 @ 10:25:00 - API keys not available.
09-22-2023 @ 10:25:00 - no api keys available
09-22-2023 @ 10:25:05 - Access token from cache is 
09-22-2023 @ 10:25:05 - API keys not available.
09-22-2023 @ 10:25:05 - no api keys available
09-22-2023 @ 10:25:08 - Access token from cache is 
09-22-2023 @ 10:25:08 - API keys not available.
09-22-2023 @ 10:25:08 - no api keys available
09-22-2023 @ 10:25:10 - Access token from cache is 
09-22-2023 @ 10:25:10 - API keys not available.
09-22-2023 @ 10:25:10 - no api keys available
09-22-2023 @ 10:25:17 - Access token from cache is 
09-22-2023 @ 10:25:17 - API keys not available.
09-22-2023 @ 10:25:17 - no api keys available
09-22-2023 @ 10:25:17 - Access token from cache is 
09-22-2023 @ 10:25:17 - API keys not available.
09-22-2023 @ 10:25:17 - no api keys available
09-22-2023 @ 10:25:17 - Access token from cache is 
09-22-2023 @ 10:25:17 - API keys not available.
09-22-2023 @ 10:25:17 - no api keys available
09-22-2023 @ 10:25:26 - Access token from cache is 
09-22-2023 @ 10:25:26 - API keys not available.
09-22-2023 @ 10:25:26 - no api keys available
09-22-2023 @ 10:25:26 - Access token from cache is 
09-22-2023 @ 10:25:26 - API keys not available.
09-22-2023 @ 10:25:26 - no api keys available
09-22-2023 @ 10:25:26 - Access token from cache is 
09-22-2023 @ 10:25:26 - API keys not available.
09-22-2023 @ 10:25:26 - no api keys available
09-22-2023 @ 10:25:26 - Access token from cache is 
09-22-2023 @ 10:25:26 - API keys not available.
09-22-2023 @ 10:25:26 - no api keys available
09-22-2023 @ 10:25:27 - Access token from cache is 
09-22-2023 @ 10:25:27 - API keys not available.
09-22-2023 @ 10:25:27 - no api keys available
09-22-2023 @ 10:25:32 - Access token from cache is 
09-22-2023 @ 10:25:32 - API keys not available.
09-22-2023 @ 10:25:32 - no api keys available
09-22-2023 @ 10:26:45 - Access token from cache is 
09-22-2023 @ 10:26:45 - API keys not available.
09-22-2023 @ 10:26:45 - no api keys available
09-22-2023 @ 10:26:46 - Access token from cache is 
09-22-2023 @ 10:26:46 - API keys not available.
09-22-2023 @ 10:26:46 - no api keys available
09-22-2023 @ 10:26:46 - Access token from cache is 
09-22-2023 @ 10:26:46 - API keys not available.
09-22-2023 @ 10:26:46 - no api keys available
09-22-2023 @ 10:26:47 - Access token from cache is 
09-22-2023 @ 10:26:47 - API keys not available.
09-22-2023 @ 10:26:47 - no api keys available
09-22-2023 @ 10:26:48 - Access token from cache is 
09-22-2023 @ 10:26:48 - API keys not available.
09-22-2023 @ 10:26:48 - no api keys available
09-22-2023 @ 10:26:48 - Access token from cache is 
09-22-2023 @ 10:26:48 - API keys not available.
09-22-2023 @ 10:26:48 - no api keys available
09-22-2023 @ 10:26:49 - checking 0 orders
09-22-2023 @ 10:26:49 - API keys not available.
09-22-2023 @ 10:26:53 - Access token from cache is 
09-22-2023 @ 10:26:53 - API keys not available.
09-22-2023 @ 10:26:53 - no api keys available
09-22-2023 @ 10:26:54 - Access token from cache is 
09-22-2023 @ 10:26:54 - API keys not available.
09-22-2023 @ 10:26:54 - no api keys available
09-22-2023 @ 10:26:54 - Access token from cache is 
09-22-2023 @ 10:26:54 - API keys not available.
09-22-2023 @ 10:26:54 - no api keys available
09-22-2023 @ 10:26:56 - Access token from cache is 
09-22-2023 @ 10:26:56 - API keys not available.
09-22-2023 @ 10:26:56 - no api keys available
09-22-2023 @ 10:26:56 - Access token from cache is 
09-22-2023 @ 10:26:56 - API keys not available.
09-22-2023 @ 10:26:56 - no api keys available
09-22-2023 @ 10:26:56 - Access token from cache is 
09-22-2023 @ 10:26:56 - API keys not available.
09-22-2023 @ 10:26:56 - no api keys available
09-22-2023 @ 10:27:10 - Access token from cache is 
09-22-2023 @ 10:27:10 - API keys not available.
09-22-2023 @ 10:27:10 - no api keys available
09-22-2023 @ 10:27:10 - Access token from cache is 
09-22-2023 @ 10:27:10 - API keys not available.
09-22-2023 @ 10:27:10 - no api keys available
09-22-2023 @ 10:27:10 - Access token from cache is 
09-22-2023 @ 10:27:10 - API keys not available.
09-22-2023 @ 10:27:10 - no api keys available
09-22-2023 @ 10:27:12 - Access token from cache is 
09-22-2023 @ 10:27:12 - API keys not available.
09-22-2023 @ 10:27:12 - no api keys available
09-22-2023 @ 10:27:12 - Access token from cache is 
09-22-2023 @ 10:27:12 - API keys not available.
09-22-2023 @ 10:27:12 - no api keys available
09-22-2023 @ 10:27:12 - Access token from cache is 
09-22-2023 @ 10:27:12 - API keys not available.
09-22-2023 @ 10:27:12 - no api keys available
09-22-2023 @ 10:27:14 - Access token from cache is 
09-22-2023 @ 10:27:14 - API keys not available.
09-22-2023 @ 10:27:14 - no api keys available
09-22-2023 @ 10:27:15 - Access token from cache is 
09-22-2023 @ 10:27:15 - API keys not available.
09-22-2023 @ 10:27:15 - no api keys available
09-22-2023 @ 10:27:15 - Access token from cache is 
09-22-2023 @ 10:27:15 - API keys not available.
09-22-2023 @ 10:27:15 - no api keys available
09-22-2023 @ 10:27:26 - Access token from cache is 
09-22-2023 @ 10:27:26 - API keys not available.
09-22-2023 @ 10:27:26 - no api keys available
09-22-2023 @ 10:27:26 - Access token from cache is 
09-22-2023 @ 10:27:26 - API keys not available.
09-22-2023 @ 10:27:26 - no api keys available
09-22-2023 @ 10:27:26 - Access token from cache is 
09-22-2023 @ 10:27:26 - API keys not available.
09-22-2023 @ 10:27:26 - no api keys available
09-22-2023 @ 10:27:56 - checking 0 orders
09-22-2023 @ 10:27:56 - API keys not available.
09-22-2023 @ 10:28:01 - Access token from cache is 
09-22-2023 @ 10:28:01 - API keys not available.
09-22-2023 @ 10:28:01 - no api keys available
09-22-2023 @ 10:28:20 - Access token from cache is 
09-22-2023 @ 10:28:20 - API keys not available.
09-22-2023 @ 10:28:20 - no api keys available
09-22-2023 @ 10:28:22 - Access token from cache is 
09-22-2023 @ 10:28:22 - API keys not available.
09-22-2023 @ 10:28:22 - no api keys available
09-22-2023 @ 10:28:22 - Access token from cache is 
09-22-2023 @ 10:28:22 - API keys not available.
09-22-2023 @ 10:28:22 - no api keys available
09-22-2023 @ 10:28:22 - Access token from cache is 
09-22-2023 @ 10:28:22 - API keys not available.
09-22-2023 @ 10:28:22 - no api keys available
09-22-2023 @ 10:28:22 - Access token from cache is 
09-22-2023 @ 10:28:22 - API keys not available.
09-22-2023 @ 10:28:22 - no api keys available
09-22-2023 @ 10:28:22 - Access token from cache is 
09-22-2023 @ 10:28:22 - API keys not available.
09-22-2023 @ 10:28:22 - no api keys available
09-22-2023 @ 10:28:35 - Access token from cache is 
09-22-2023 @ 10:28:35 - API keys not available.
09-22-2023 @ 10:28:35 - no api keys available
09-22-2023 @ 10:28:35 - Access token from cache is 
09-22-2023 @ 10:28:35 - API keys not available.
09-22-2023 @ 10:28:35 - no api keys available
09-22-2023 @ 10:28:35 - Access token from cache is 
09-22-2023 @ 10:28:35 - API keys not available.
09-22-2023 @ 10:28:35 - no api keys available
09-22-2023 @ 10:28:53 - Access token from cache is 
09-22-2023 @ 10:28:53 - API keys not available.
09-22-2023 @ 10:28:53 - no api keys available
09-22-2023 @ 10:28:53 - Access token from cache is 
09-22-2023 @ 10:28:53 - API keys not available.
09-22-2023 @ 10:28:53 - no api keys available
09-22-2023 @ 10:28:53 - Access token from cache is 
09-22-2023 @ 10:28:53 - API keys not available.
09-22-2023 @ 10:28:53 - no api keys available
09-22-2023 @ 10:29:05 - Access token from cache is 
09-22-2023 @ 10:29:05 - API keys not available.
09-22-2023 @ 10:29:05 - no api keys available
09-22-2023 @ 10:29:06 - Access token from cache is 
09-22-2023 @ 10:29:06 - API keys not available.
09-22-2023 @ 10:29:06 - no api keys available
09-22-2023 @ 10:29:06 - Access token from cache is 
09-22-2023 @ 10:29:06 - API keys not available.
09-22-2023 @ 10:29:06 - no api keys available
09-22-2023 @ 10:29:23 - Access token from cache is 
09-22-2023 @ 10:29:23 - API keys not available.
09-22-2023 @ 10:29:23 - no api keys available
09-22-2023 @ 10:29:50 - Access token from cache is 
09-22-2023 @ 10:29:50 - API keys not available.
09-22-2023 @ 10:29:50 - no api keys available
09-22-2023 @ 10:29:51 - Access token from cache is 
09-22-2023 @ 10:29:51 - API keys not available.
09-22-2023 @ 10:29:51 - no api keys available
09-22-2023 @ 10:29:51 - Access token from cache is 
09-22-2023 @ 10:29:51 - API keys not available.
09-22-2023 @ 10:29:51 - no api keys available
09-22-2023 @ 10:30:04 - Access token from cache is 
09-22-2023 @ 10:30:04 - API keys not available.
09-22-2023 @ 10:30:04 - no api keys available
09-22-2023 @ 10:30:07 - Access token from cache is 
09-22-2023 @ 10:30:07 - API keys not available.
09-22-2023 @ 10:30:07 - no api keys available
09-22-2023 @ 10:31:16 - checking 0 orders
09-22-2023 @ 10:31:16 - API keys not available.
09-22-2023 @ 10:31:16 - Access token from cache is 
09-22-2023 @ 10:31:16 - API keys not available.
09-22-2023 @ 10:31:16 - no api keys available
09-22-2023 @ 10:31:23 - Access token from cache is 
09-22-2023 @ 10:31:23 - API keys not available.
09-22-2023 @ 10:31:23 - no api keys available
09-22-2023 @ 10:33:21 - checking 0 orders
09-22-2023 @ 10:33:21 - API keys not available.
09-22-2023 @ 13:03:43 - checking 0 orders
09-22-2023 @ 13:03:43 - API keys not available.
09-22-2023 @ 13:07:36 - Access token from cache is 
09-22-2023 @ 13:07:36 - API keys not available.
09-22-2023 @ 13:07:36 - no api keys available
09-22-2023 @ 13:08:40 - Access token from cache is 
09-22-2023 @ 13:08:40 - API keys not available.
09-22-2023 @ 13:08:40 - no api keys available
09-22-2023 @ 13:09:09 - Access token from cache is 
09-22-2023 @ 13:09:09 - API keys not available.
09-22-2023 @ 13:09:09 - no api keys available
09-22-2023 @ 13:09:20 - Access token from cache is 
09-22-2023 @ 13:09:20 - API keys not available.
09-22-2023 @ 13:09:20 - no api keys available
09-22-2023 @ 13:09:34 - Access token from cache is 
09-22-2023 @ 13:09:34 - API keys not available.
09-22-2023 @ 13:09:34 - no api keys available
09-22-2023 @ 13:09:40 - checking 0 orders
09-22-2023 @ 13:09:40 - API keys not available.
09-22-2023 @ 13:09:40 - Access token from cache is 
09-22-2023 @ 13:09:40 - API keys not available.
09-22-2023 @ 13:09:40 - no api keys available
09-22-2023 @ 13:09:44 - Access token from cache is 
09-22-2023 @ 13:09:44 - API keys not available.
09-22-2023 @ 13:09:44 - no api keys available
09-22-2023 @ 13:09:53 - Access token from cache is 
09-22-2023 @ 13:09:53 - API keys not available.
09-22-2023 @ 13:09:53 - no api keys available
09-22-2023 @ 13:09:58 - Access token from cache is 
09-22-2023 @ 13:09:58 - API keys not available.
09-22-2023 @ 13:09:58 - no api keys available
09-22-2023 @ 13:10:13 - Access token from cache is 
09-22-2023 @ 13:10:13 - API keys not available.
09-22-2023 @ 13:10:13 - no api keys available
09-22-2023 @ 13:10:45 - Access token from cache is 
09-22-2023 @ 13:10:45 - API keys not available.
09-22-2023 @ 13:10:45 - no api keys available
09-22-2023 @ 13:11:30 - Access token from cache is 
09-22-2023 @ 13:11:30 - API keys not available.
09-22-2023 @ 13:11:30 - no api keys available
09-22-2023 @ 13:11:30 - Access token from cache is 
09-22-2023 @ 13:11:30 - API keys not available.
09-22-2023 @ 13:11:30 - no api keys available
09-22-2023 @ 13:11:30 - Access token from cache is 
09-22-2023 @ 13:11:30 - API keys not available.
09-22-2023 @ 13:11:30 - no api keys available
09-22-2023 @ 13:11:30 - Access token from cache is 
09-22-2023 @ 13:11:30 - API keys not available.
09-22-2023 @ 13:11:30 - no api keys available
09-22-2023 @ 13:11:44 - Access token from cache is 
09-22-2023 @ 13:11:44 - API keys not available.
09-22-2023 @ 13:11:44 - no api keys available
09-22-2023 @ 13:13:28 - checking 0 orders
09-22-2023 @ 13:13:28 - API keys not available.
09-22-2023 @ 13:14:43 - Access token from cache is 
09-22-2023 @ 13:14:43 - API keys not available.
09-22-2023 @ 13:14:43 - no api keys available
09-22-2023 @ 13:14:52 - Access token from cache is 
09-22-2023 @ 13:14:52 - API keys not available.
09-22-2023 @ 13:14:52 - no api keys available
09-22-2023 @ 13:15:52 - Access token from cache is 
09-22-2023 @ 13:15:52 - API keys not available.
09-22-2023 @ 13:15:52 - no api keys available
09-22-2023 @ 13:15:52 - Access token from cache is 
09-22-2023 @ 13:15:52 - API keys not available.
09-22-2023 @ 13:15:52 - no api keys available
09-22-2023 @ 13:15:52 - Access token from cache is 
09-22-2023 @ 13:15:52 - API keys not available.
09-22-2023 @ 13:15:52 - no api keys available
09-22-2023 @ 13:15:52 - Access token from cache is 
09-22-2023 @ 13:15:52 - API keys not available.
09-22-2023 @ 13:15:52 - no api keys available
09-22-2023 @ 13:15:57 - Access token from cache is 
09-22-2023 @ 13:15:57 - API keys not available.
09-22-2023 @ 13:15:57 - no api keys available
09-22-2023 @ 13:16:12 - Access token from cache is 
09-22-2023 @ 13:16:12 - API keys not available.
09-22-2023 @ 13:16:12 - no api keys available
09-22-2023 @ 13:16:12 - Access token from cache is 
09-22-2023 @ 13:16:12 - API keys not available.
09-22-2023 @ 13:16:12 - no api keys available
09-22-2023 @ 13:16:16 - Access token from cache is 
09-22-2023 @ 13:16:16 - API keys not available.
09-22-2023 @ 13:16:16 - no api keys available
09-22-2023 @ 13:17:02 - checking 0 orders
09-22-2023 @ 13:17:02 - API keys not available.
09-22-2023 @ 13:17:16 - Access token from cache is 
09-22-2023 @ 13:17:16 - API keys not available.
09-22-2023 @ 13:17:16 - no api keys available
09-22-2023 @ 13:17:45 - checking 0 orders
09-22-2023 @ 13:17:45 - API keys not available.
09-22-2023 @ 13:18:42 - Access token from cache is 
09-22-2023 @ 13:18:42 - API keys not available.
09-22-2023 @ 13:18:42 - no api keys available
09-22-2023 @ 13:18:42 - Access token from cache is 
09-22-2023 @ 13:18:42 - API keys not available.
09-22-2023 @ 13:18:42 - no api keys available
09-22-2023 @ 13:18:42 - Access token from cache is 
09-22-2023 @ 13:18:42 - API keys not available.
09-22-2023 @ 13:18:42 - no api keys available
09-22-2023 @ 13:18:42 - Access token from cache is 
09-22-2023 @ 13:18:42 - API keys not available.
09-22-2023 @ 13:18:42 - no api keys available
09-22-2023 @ 13:19:06 - Access token from cache is 
09-22-2023 @ 13:19:06 - API keys not available.
09-22-2023 @ 13:19:06 - no api keys available
09-22-2023 @ 13:19:30 - checking 0 orders
09-22-2023 @ 13:19:30 - API keys not available.
09-22-2023 @ 13:21:31 - checking 0 orders
09-22-2023 @ 13:21:31 - API keys not available.
09-22-2023 @ 13:23:31 - checking 0 orders
09-22-2023 @ 13:23:31 - API keys not available.
09-22-2023 @ 13:23:59 - Access token from cache is 
09-22-2023 @ 13:23:59 - API keys not available.
09-22-2023 @ 13:23:59 - no api keys available
09-22-2023 @ 13:24:46 - Access token from cache is 
09-22-2023 @ 13:24:46 - API keys not available.
09-22-2023 @ 13:24:46 - no api keys available
09-22-2023 @ 13:25:20 - Access token from cache is 
09-22-2023 @ 13:25:20 - API keys not available.
09-22-2023 @ 13:25:20 - no api keys available
09-22-2023 @ 13:25:20 - Access token from cache is 
09-22-2023 @ 13:25:20 - API keys not available.
09-22-2023 @ 13:25:20 - no api keys available
09-22-2023 @ 13:25:20 - Access token from cache is 
09-22-2023 @ 13:25:20 - API keys not available.
09-22-2023 @ 13:25:20 - no api keys available
09-22-2023 @ 13:25:31 - checking 0 orders
09-22-2023 @ 13:25:31 - API keys not available.
09-22-2023 @ 13:25:51 - Access token from cache is 
09-22-2023 @ 13:25:51 - API keys not available.
09-22-2023 @ 13:25:51 - no api keys available
09-22-2023 @ 13:27:39 - checking 0 orders
09-22-2023 @ 13:27:39 - API keys not available.
09-22-2023 @ 13:29:54 - checking 0 orders
09-22-2023 @ 13:29:54 - API keys not available.
09-22-2023 @ 13:31:54 - checking 0 orders
09-22-2023 @ 13:31:54 - API keys not available.
09-22-2023 @ 13:33:55 - checking 0 orders
09-22-2023 @ 13:33:55 - API keys not available.
09-22-2023 @ 13:36:54 - checking 0 orders
09-22-2023 @ 13:36:54 - API keys not available.
09-22-2023 @ 13:38:54 - checking 0 orders
09-22-2023 @ 13:38:54 - API keys not available.
09-22-2023 @ 13:40:56 - checking 0 orders
09-22-2023 @ 13:40:56 - API keys not available.
09-22-2023 @ 13:42:56 - checking 0 orders
09-22-2023 @ 13:42:56 - API keys not available.
09-22-2023 @ 13:44:57 - checking 0 orders
09-22-2023 @ 13:44:57 - API keys not available.
09-22-2023 @ 13:46:58 - checking 0 orders
09-22-2023 @ 13:46:58 - API keys not available.
09-22-2023 @ 13:48:59 - checking 0 orders
09-22-2023 @ 13:48:59 - API keys not available.
09-22-2023 @ 13:51:00 - checking 0 orders
09-22-2023 @ 13:51:00 - API keys not available.
09-22-2023 @ 13:53:01 - checking 0 orders
09-22-2023 @ 13:53:01 - API keys not available.
09-22-2023 @ 13:55:03 - checking 0 orders
09-22-2023 @ 13:55:03 - API keys not available.
09-22-2023 @ 13:57:03 - checking 0 orders
09-22-2023 @ 13:57:03 - API keys not available.
09-22-2023 @ 13:59:05 - checking 0 orders
09-22-2023 @ 13:59:05 - API keys not available.
09-22-2023 @ 14:01:05 - checking 0 orders
09-22-2023 @ 14:01:05 - API keys not available.
09-22-2023 @ 14:03:06 - checking 0 orders
09-22-2023 @ 14:03:06 - API keys not available.
09-22-2023 @ 14:05:08 - checking 0 orders
09-22-2023 @ 14:05:08 - API keys not available.
09-22-2023 @ 14:07:08 - checking 0 orders
09-22-2023 @ 14:07:08 - API keys not available.
09-22-2023 @ 14:09:09 - checking 0 orders
09-22-2023 @ 14:09:09 - API keys not available.
09-22-2023 @ 14:11:11 - checking 0 orders
09-22-2023 @ 14:11:11 - API keys not available.
09-22-2023 @ 14:13:11 - checking 0 orders
09-22-2023 @ 14:13:11 - API keys not available.
09-22-2023 @ 14:15:12 - checking 0 orders
09-22-2023 @ 14:15:12 - API keys not available.
09-22-2023 @ 14:17:14 - checking 0 orders
09-22-2023 @ 14:17:14 - API keys not available.
09-22-2023 @ 14:19:14 - checking 0 orders
09-22-2023 @ 14:19:14 - API keys not available.
09-22-2023 @ 14:21:15 - checking 0 orders
09-22-2023 @ 14:21:15 - API keys not available.
09-22-2023 @ 14:23:16 - checking 0 orders
09-22-2023 @ 14:23:16 - API keys not available.
09-22-2023 @ 14:25:18 - checking 0 orders
09-22-2023 @ 14:25:18 - API keys not available.
09-22-2023 @ 14:27:19 - checking 0 orders
09-22-2023 @ 14:27:19 - API keys not available.
